SF:lib\src\models\areas_and_iterations.dart
DA:6,0
DA:8,0
DA:9,0
DA:11,0
DA:12,0
DA:13,0
DA:21,0
DA:31,0
DA:32,0
DA:33,0
DA:34,0
DA:35,0
DA:36,0
DA:37,0
DA:38,0
DA:39,0
DA:40,0
DA:44,0
DA:45,0
DA:48,0
DA:49,0
DA:59,0
DA:61,0
DA:66,0
DA:68,0
DA:69,0
DA:70,0
LF:27
LH:0
end_of_record
SF:lib\src\models\board.dart
DA:7,0
DA:9,0
DA:10,0
DA:15,0
DA:16,0
DA:20,0
DA:22,0
DA:23,0
DA:33,0
DA:41,0
DA:42,0
DA:43,0
DA:44,0
DA:45,0
DA:47,0
DA:48,0
DA:51,0
DA:61,0
DA:63,0
DA:64,0
DA:65,0
DA:66,0
DA:68,0
DA:69,0
DA:70,0
DA:72,0
DA:73,0
DA:74,0
DA:84,0
DA:94,0
DA:95,0
DA:96,0
DA:97,0
DA:98,0
DA:99,0
DA:100,0
DA:101,0
DA:104,0
DA:108,0
DA:122,0
DA:126,0
DA:129,0
DA:131,0
DA:136,0
DA:138,0
DA:139,0
DA:145,0
DA:147,0
DA:148,0
DA:154,0
DA:161,0
DA:163,0
DA:164,0
DA:166,0
DA:167,0
DA:173,0
DA:175,0
DA:176,0
DA:177,0
DA:185,0
DA:187,0
DA:188,0
DA:189,0
DA:196,0
DA:198,0
DA:199,0
DA:205,0
DA:207,0
DA:208,0
DA:214,0
DA:216,0
DA:217,0
DA:218,0
DA:219,0
DA:220,0
DA:221,0
DA:223,0
LF:77
LH:0
end_of_record
SF:lib\src\models\commit.dart
DA:9,0
DA:11,0
DA:12,0
DA:14,0
DA:15,0
DA:19,0
DA:23,0
DA:26,0
DA:27,0
DA:31,1
DA:36,0
DA:37,0
DA:41,3
DA:52,0
DA:54,0
DA:55,0
DA:56,0
DA:57,0
DA:58,0
DA:59,0
DA:61,0
DA:62,0
DA:63,0
DA:64,0
DA:77,2
DA:78,2
DA:79,2
DA:84,2
DA:85,2
DA:86,4
DA:90,0
DA:91,0
DA:92,0
DA:93,0
DA:94,0
DA:95,0
DA:98,0
DA:101,0
DA:103,0
DA:106,2
DA:110,2
DA:111,6
DA:112,6
DA:113,0
DA:114,0
DA:115,0
DA:116,0
DA:117,0
DA:120,0
DA:122,0
DA:123,0
DA:124,0
DA:125,0
DA:126,0
DA:127,0
DA:128,0
DA:131,2
DA:140,2
DA:141,2
DA:142,0
DA:143,2
DA:144,2
DA:145,2
DA:146,2
DA:147,2
DA:153,3
DA:155,0
DA:156,0
DA:157,0
DA:158,0
DA:159,0
DA:167,2
DA:168,4
DA:171,0
DA:172,0
DA:176,0
DA:178,0
DA:179,0
DA:185,0
DA:186,0
LF:80
LH:23
end_of_record
SF:lib\src\models\commit_detail.dart
DA:6,1
DA:8,0
DA:9,0
DA:11,0
DA:12,0
DA:13,0
DA:14,0
DA:19,0
DA:20,0
DA:24,1
DA:26,0
DA:27,0
DA:32,0
DA:33,0
DA:37,1
DA:46,0
DA:47,0
DA:48,0
DA:49,0
DA:50,0
DA:51,0
DA:52,0
DA:62,0
DA:64,0
LF:24
LH:3
end_of_record
SF:lib\src\models\commits_tags.dart
DA:6,0
DA:8,0
DA:9,0
DA:11,0
DA:12,0
DA:18,0
DA:20,0
DA:21,0
DA:28,0
DA:30,0
DA:31,0
DA:32,0
DA:42,0
DA:44,0
DA:45,0
DA:46,0
DA:47,0
DA:48,0
DA:58,0
DA:60,0
DA:61,0
DA:62,0
DA:63,0
LF:23
LH:0
end_of_record
SF:lib\src\models\directory.dart
DA:6,0
DA:8,0
DA:9,0
DA:11,0
DA:12,0
DA:18,0
DA:20,0
DA:21,0
DA:22,0
DA:30,0
DA:32,0
DA:33,0
DA:34,0
DA:35,0
DA:43,0
DA:45,0
DA:46,0
DA:47,0
DA:55,0
DA:57,0
DA:58,0
DA:59,0
DA:60,0
DA:63,0
DA:64,0
DA:74,0
DA:76,0
DA:77,0
DA:78,0
DA:79,0
DA:80,0
DA:90,0
DA:92,0
DA:93,0
DA:94,0
DA:95,0
LF:36
LH:0
end_of_record
SF:lib\src\models\file_diff.dart
DA:6,0
DA:8,0
DA:9,0
DA:11,0
DA:12,0
DA:18,0
DA:20,0
DA:21,0
DA:22,0
DA:29,0
DA:38,0
DA:39,0
DA:41,0
DA:42,0
DA:44,0
DA:45,0
DA:46,0
DA:47,0
DA:49,0
DA:50,0
DA:62,0
DA:74,0
DA:75,0
DA:76,0
DA:77,0
DA:78,0
DA:79,0
DA:80,0
DA:81,0
DA:82,0
DA:83,0
DA:98,0
DA:100,0
DA:101,0
DA:102,0
DA:103,0
DA:104,0
DA:105,0
DA:114,0
DA:122,0
DA:123,0
DA:124,0
DA:125,0
DA:126,0
DA:127,0
DA:138,0
DA:146,0
DA:147,0
DA:148,0
DA:149,0
DA:150,0
DA:151,0
DA:162,0
DA:164,0
DA:165,0
DA:172,0
DA:174,0
DA:175,0
LF:58
LH:0
end_of_record
SF:lib\src\models\identity_response.dart
DA:6,0
DA:8,0
DA:9,0
DA:10,0
DA:14,0
DA:15,0
DA:21,0
DA:23,0
DA:24,0
DA:25,0
DA:26,0
DA:35,0
DA:37,0
DA:38,0
LF:14
LH:0
end_of_record
SF:lib\src\models\organization.dart
DA:7,0
DA:9,0
DA:10,0
DA:11,0
DA:12,0
DA:13,0
DA:14,0
DA:18,0
DA:19,0
DA:26,0
DA:33,0
DA:34,0
DA:35,0
DA:36,0
DA:37,0
DA:45,0
DA:47,0
DA:50,0
DA:54,0
DA:55,0
DA:56,0
DA:57,0
DA:58,0
DA:61,0
DA:63,0
LF:25
LH:0
end_of_record
SF:lib\src\models\pipeline.dart
DA:11,0
DA:13,0
DA:14,0
DA:16,0
DA:17,0
DA:23,1
DA:28,0
DA:29,0
DA:33,2
DA:55,0
DA:57,0
DA:58,0
DA:59,0
DA:60,0
DA:61,0
DA:62,0
DA:63,0
DA:64,0
DA:65,0
DA:66,0
DA:67,0
DA:68,0
DA:69,0
DA:70,0
DA:71,0
DA:72,0
DA:73,0
DA:74,0
DA:75,0
DA:76,0
DA:101,1
DA:103,2
DA:106,1
DA:107,1
DA:110,1
DA:111,1
DA:114,1
DA:115,4
DA:118,0
DA:119,0
DA:120,0
DA:121,0
DA:122,0
DA:123,0
DA:126,0
DA:129,1
DA:150,1
DA:151,1
DA:152,1
DA:153,1
DA:154,1
DA:155,1
DA:156,1
DA:157,1
DA:158,1
DA:159,1
DA:160,1
DA:161,1
DA:162,1
DA:163,1
DA:164,1
DA:165,1
DA:166,1
DA:167,1
DA:168,1
DA:169,1
DA:173,1
DA:177,1
DA:178,3
DA:179,3
DA:180,3
DA:181,3
DA:182,0
DA:183,0
DA:184,0
DA:185,0
DA:186,0
DA:187,0
DA:188,0
DA:189,0
DA:190,0
DA:191,0
DA:192,0
DA:193,0
DA:194,0
DA:195,0
DA:196,0
DA:199,0
DA:201,0
DA:202,0
DA:203,0
DA:204,0
DA:205,0
DA:206,0
DA:207,0
DA:208,0
DA:209,0
DA:210,0
DA:211,0
DA:212,0
DA:213,0
DA:214,0
DA:215,0
DA:216,0
DA:217,0
DA:218,0
DA:219,0
DA:222,0
DA:224,0
DA:229,0
DA:231,0
DA:232,0
DA:233,0
DA:234,0
DA:235,0
DA:243,0
DA:245,0
DA:250,2
DA:252,0
DA:253,0
DA:254,0
DA:255,0
DA:256,0
DA:257,0
DA:258,0
DA:268,1
DA:276,1
DA:277,0
DA:278,1
DA:279,1
DA:280,1
DA:281,1
DA:282,1
DA:286,0
DA:288,0
DA:293,1
DA:295,0
DA:296,0
DA:297,0
DA:298,0
DA:299,0
DA:307,0
DA:309,0
DA:314,1
DA:316,0
DA:317,0
DA:318,0
DA:319,0
DA:320,0
DA:328,0
DA:329,0
DA:330,0
DA:331,0
DA:332,0
DA:333,0
DA:337,0
DA:339,0
DA:356,0
DA:357,0
DA:360,0
DA:363,0
DA:365,0
DA:367,0
DA:369,0
DA:371,0
DA:373,0
DA:393,0
DA:394,0
DA:397,0
DA:400,0
DA:402,0
DA:404,0
DA:406,0
DA:408,0
DA:410,0
DA:412,0
LF:176
LH:47
end_of_record
SF:lib\src\models\pipeline_approvals.dart
DA:6,0
DA:8,0
DA:9,0
DA:10,0
DA:14,0
DA:15,0
DA:21,0
DA:32,0
DA:33,0
DA:34,0
DA:35,0
DA:36,0
DA:37,0
DA:38,0
DA:39,0
DA:40,0
DA:42,0
DA:43,0
DA:44,0
DA:58,0
DA:60,0
DA:61,0
DA:62,0
DA:63,0
DA:72,0
DA:74,0
DA:75,0
DA:82,0
DA:92,0
DA:93,0
DA:94,0
DA:96,0
DA:97,0
DA:98,0
DA:99,0
DA:100,0
DA:101,0
DA:114,0
DA:116,0
DA:117,0
DA:118,0
DA:119,0
DA:120,0
LF:43
LH:0
end_of_record
SF:lib\src\models\processes.dart
DA:7,0
DA:9,0
DA:10,0
DA:11,0
DA:12,0
DA:16,0
DA:17,0
DA:24,0
DA:36,0
DA:37,0
DA:38,0
DA:39,0
DA:40,0
DA:41,0
DA:42,0
DA:43,0
DA:44,0
DA:45,0
DA:46,0
DA:47,0
DA:60,0
DA:64,0
DA:67,0
DA:69,0
DA:74,0
DA:76,0
DA:77,0
DA:78,0
DA:79,0
DA:83,0
DA:84,0
DA:91,0
DA:101,0
DA:102,0
DA:103,0
DA:104,0
DA:105,0
DA:106,0
DA:107,0
DA:108,0
DA:109,0
DA:110,0
DA:113,0
DA:114,0
DA:116,0
DA:117,0
DA:128,0
DA:132,0
DA:135,0
DA:137,0
DA:142,1
DA:144,0
DA:145,0
DA:146,0
DA:147,0
DA:148,0
DA:151,0
DA:153,0
DA:160,0
DA:164,0
DA:167,0
DA:169,0
DA:185,0
DA:186,0
DA:187,0
DA:188,0
DA:189,0
DA:190,0
DA:191,0
LF:69
LH:1
end_of_record
SF:lib\src\models\project.dart
DA:7,0
DA:9,0
DA:10,0
DA:12,0
DA:13,0
DA:19,1
DA:28,9
DA:41,10
DA:43,0
DA:44,0
DA:45,0
DA:46,0
DA:47,0
DA:48,0
DA:49,0
DA:50,0
DA:51,0
DA:52,0
DA:53,0
DA:55,0
DA:69,0
DA:71,0
DA:72,0
DA:73,0
DA:74,0
DA:75,0
DA:76,0
DA:77,0
DA:78,0
DA:82,0
DA:83,0
DA:84,0
DA:85,0
DA:86,0
DA:87,0
DA:90,0
DA:93,0
DA:94,0
DA:95,0
DA:96,0
DA:97,0
DA:98,0
DA:99,0
DA:100,0
DA:101,0
DA:102,0
DA:103,0
DA:106,2
DA:110,0
DA:113,0
DA:115,0
DA:118,0
DA:120,0
DA:125,0
DA:127,0
DA:129,0
DA:130,0
DA:131,0
DA:132,0
DA:133,0
DA:141,0
DA:142,0
DA:145,0
DA:147,0
DA:148,0
DA:150,0
DA:154,0
DA:157,0
DA:158,0
DA:162,0
DA:164,0
DA:165,0
DA:167,0
DA:168,0
DA:174,0
DA:176,0
DA:177,0
DA:178,0
DA:179,0
DA:180,0
DA:181,0
DA:190,0
DA:192,0
DA:193,0
DA:200,0
DA:207,0
DA:208,0
DA:209,0
DA:210,0
DA:211,0
DA:221,0
DA:223,0
DA:224,0
DA:231,0
DA:233,0
DA:234,0
DA:235,0
DA:243,0
DA:245,0
DA:246,0
DA:248,0
DA:249,0
DA:250,0
DA:258,0
DA:260,0
DA:261,0
DA:262,0
DA:263,0
DA:272,0
LF:109
LH:4
end_of_record
SF:lib\src\models\project_languages.dart
DA:6,0
DA:12,0
DA:13,0
DA:14,0
DA:16,0
DA:17,0
DA:18,0
DA:21,0
DA:24,0
DA:25,0
DA:33,1
DA:35,0
DA:36,0
DA:37,0
DA:38,0
DA:39,0
DA:49,0
DA:56,0
DA:57,0
DA:58,0
DA:59,0
DA:60,0
DA:62,0
LF:23
LH:1
end_of_record
SF:lib\src\models\pull_request.dart
DA:16,0
DA:18,0
DA:19,0
DA:22,0
DA:23,0
DA:29,2
DA:48,0
DA:49,0
DA:50,0
DA:51,0
DA:52,0
DA:53,0
DA:54,0
DA:55,0
DA:56,0
DA:57,0
DA:58,0
DA:59,0
DA:60,0
DA:61,0
DA:62,0
DA:63,0
DA:65,0
DA:66,0
DA:68,0
DA:71,0
DA:90,1
DA:91,1
DA:92,1
DA:96,2
DA:98,1
DA:99,1
DA:101,1
DA:104,1
DA:105,1
DA:106,1
DA:107,1
DA:108,1
DA:109,1
DA:116,1
DA:122,1
DA:125,0
DA:127,0
DA:130,1
DA:134,1
DA:135,3
DA:136,0
DA:137,0
DA:138,0
DA:139,0
DA:140,0
DA:141,0
DA:142,0
DA:143,0
DA:144,0
DA:145,0
DA:146,0
DA:147,0
DA:148,0
DA:149,0
DA:152,0
DA:154,0
DA:155,0
DA:156,0
DA:157,0
DA:158,0
DA:159,0
DA:160,0
DA:161,0
DA:162,0
DA:163,0
DA:164,0
DA:165,0
DA:166,0
DA:167,0
DA:168,0
DA:171,1
DA:180,1
DA:181,1
DA:182,1
DA:183,1
DA:184,1
DA:185,1
DA:186,1
DA:187,0
DA:188,0
DA:189,1
DA:190,0
DA:191,0
DA:192,0
DA:193,1
DA:194,1
DA:195,1
DA:196,1
DA:202,0
DA:204,0
DA:205,0
DA:206,0
DA:207,0
DA:208,0
DA:218,2
DA:228,0
DA:229,0
DA:230,0
DA:231,0
DA:232,0
DA:233,0
DA:234,0
DA:235,0
DA:246,0
DA:248,0
DA:253,0
DA:255,0
DA:256,0
DA:262,0
DA:263,0
DA:267,2
DA:269,0
DA:270,0
DA:271,0
DA:272,0
DA:273,0
DA:281,0
DA:283,0
DA:288,2
DA:296,0
DA:297,0
DA:298,0
DA:299,0
DA:300,0
DA:301,0
DA:310,0
DA:312,0
DA:323,0
DA:325,0
DA:327,0
DA:329,0
DA:331,0
DA:333,0
DA:340,2
DA:343,2
DA:345,2
DA:347,1
DA:349,1
DA:351,0
DA:356,2
DA:358,2
DA:359,0
DA:360,2
DA:361,1
DA:362,1
DA:363,0
DA:364,1
DA:373,0
DA:383,0
DA:384,0
DA:385,0
DA:386,0
DA:387,0
DA:388,0
DA:389,0
DA:390,0
DA:401,0
DA:403,0
DA:406,0
DA:407,0
DA:408,0
DA:409,0
DA:410,0
DA:411,0
DA:412,0
DA:413,0
DA:417,0
DA:426,0
DA:427,0
DA:428,0
DA:429,0
DA:430,0
DA:431,0
DA:432,0
DA:433,0
LF:181
LH:46
end_of_record
SF:lib\src\models\pull_request_with_details.dart
DA:9,1
DA:23,1
DA:30,1
DA:31,1
DA:32,1
DA:33,0
DA:34,1
DA:35,1
DA:41,0
DA:43,0
DA:44,0
DA:46,0
DA:47,0
DA:48,0
DA:56,0
DA:67,0
DA:68,0
DA:69,0
DA:70,0
DA:71,0
DA:72,0
DA:73,0
DA:74,0
DA:75,0
DA:89,0
DA:91,0
DA:92,0
DA:93,0
DA:94,0
DA:95,0
DA:105,0
DA:107,0
DA:113,0
DA:115,0
DA:117,0
DA:118,0
DA:119,0
DA:127,0
DA:134,0
DA:142,0
DA:143,0
DA:144,0
DA:145,0
DA:146,0
DA:147,0
DA:158,0
DA:160,0
DA:161,0
DA:162,0
DA:163,0
DA:172,0
DA:174,0
DA:176,0
DA:177,0
DA:184,0
DA:196,0
DA:197,0
DA:198,0
DA:199,0
DA:200,0
DA:201,0
DA:203,0
DA:204,0
DA:205,0
DA:206,0
DA:208,0
DA:209,0
DA:222,0
DA:223,0
DA:224,0
DA:225,0
DA:226,0
DA:227,0
DA:228,0
DA:229,0
DA:230,0
DA:236,0
DA:238,0
DA:239,0
DA:241,0
DA:242,0
DA:244,0
DA:245,0
DA:247,0
DA:256,0
DA:258,0
DA:259,0
DA:265,0
DA:276,0
DA:277,0
DA:278,0
DA:279,0
DA:280,0
DA:281,0
DA:282,0
DA:283,0
DA:284,0
DA:296,0
DA:297,0
DA:298,0
DA:299,0
DA:300,0
DA:301,0
DA:302,0
DA:303,0
DA:304,0
DA:305,0
DA:311,0
DA:313,0
DA:314,0
DA:316,0
DA:317,0
DA:318,0
DA:326,0
DA:328,0
DA:329,0
DA:330,0
DA:331,0
DA:340,0
DA:348,0
DA:349,0
DA:350,0
DA:352,0
DA:353,0
DA:355,0
DA:356,0
DA:358,0
DA:359,0
DA:370,0
DA:372,0
DA:373,0
DA:393,0
DA:395,0
DA:397,0
DA:399,0
DA:401,0
DA:403,0
DA:405,0
DA:414,0
DA:423,0
DA:439,0
DA:440,0
DA:441,0
DA:442,0
DA:443,0
DA:444,0
DA:445,0
DA:446,0
DA:447,0
DA:452,0
DA:466,0
DA:470,0
DA:474,0
LF:153
LH:7
end_of_record
SF:lib\src\models\repository.dart
DA:6,0
DA:8,0
DA:9,0
DA:11,0
DA:12,0
DA:16,0
DA:17,0
DA:21,0
DA:45,0
DA:48,0
DA:49,0
DA:50,0
DA:51,0
DA:52,0
DA:53,0
DA:54,0
DA:55,0
DA:56,0
DA:57,0
DA:59,0
DA:61,0
DA:62,0
DA:63,0
DA:64,0
DA:65,0
DA:66,0
DA:67,0
DA:68,0
DA:69,0
DA:70,0
DA:72,0
DA:74,0
DA:76,0
DA:77,0
DA:78,0
DA:80,0
DA:81,0
DA:82,0
DA:83,0
DA:84,0
DA:85,0
DA:86,0
DA:87,0
DA:88,0
DA:89,0
DA:90,0
DA:96,0
DA:97,0
DA:98,0
DA:99,0
DA:100,0
DA:102,0
DA:106,0
DA:111,0
DA:120,0
DA:123,0
DA:124,0
DA:125,0
DA:126,0
DA:127,0
DA:128,0
DA:129,0
DA:131,0
DA:133,0
DA:134,0
DA:135,0
DA:136,0
DA:137,0
DA:138,0
DA:140,0
DA:142,0
DA:144,0
DA:145,0
DA:146,0
DA:148,0
DA:149,0
DA:150,0
DA:151,0
DA:152,0
DA:153,0
DA:154,0
DA:162,0
DA:184,0
DA:187,0
DA:188,0
DA:189,0
DA:190,0
DA:191,0
DA:192,0
DA:193,0
DA:194,0
DA:195,0
DA:196,0
DA:198,0
DA:200,0
DA:201,0
DA:202,0
DA:203,0
DA:204,0
DA:205,0
DA:206,0
DA:207,0
DA:208,0
DA:210,0
DA:212,0
DA:214,0
DA:215,0
DA:216,0
DA:218,0
DA:219,0
DA:220,0
DA:221,0
DA:222,0
DA:223,0
DA:225,0
DA:226,0
DA:227,0
DA:228,0
DA:229,0
DA:238,4
DA:242,0
DA:243,0
DA:248,0
DA:249,0
DA:253,0
DA:256,4
DA:258,0
DA:260,0
DA:263,0
DA:265,0
DA:269,0
LF:131
LH:2
end_of_record
SF:lib\src\models\repository_branches.dart
DA:6,0
DA:8,0
DA:9,0
DA:10,0
DA:11,0
DA:15,0
DA:16,0
DA:23,0
DA:31,0
DA:32,0
DA:33,0
DA:34,0
DA:35,0
DA:36,0
DA:45,0
DA:47,0
DA:52,0
DA:62,0
DA:63,0
DA:64,0
DA:65,0
DA:66,0
DA:67,0
DA:68,0
DA:69,0
DA:82,0
DA:84,0
DA:85,0
DA:86,0
DA:87,0
LF:30
LH:0
end_of_record
SF:lib\src\models\repository_items.dart
DA:6,0
DA:8,0
DA:9,0
DA:10,0
DA:11,0
DA:15,0
DA:16,0
DA:23,1
DA:32,0
DA:33,0
DA:34,0
DA:35,0
DA:36,0
DA:37,0
DA:39,0
DA:40,0
DA:52,0
DA:54,0
DA:55,0
LF:19
LH:1
end_of_record
SF:lib\src\models\saved_query.dart
DA:6,0
DA:8,0
DA:9,0
DA:10,0
DA:14,0
DA:15,0
DA:21,0
DA:32,0
DA:33,0
DA:34,0
DA:35,0
DA:36,0
DA:37,0
DA:38,0
DA:39,0
DA:40,0
DA:42,0
DA:45,0
DA:58,0
DA:69,0
DA:70,0
DA:71,0
DA:72,0
DA:73,0
DA:74,0
DA:75,0
DA:76,0
DA:77,0
LF:28
LH:0
end_of_record
SF:lib\src\models\sprint.dart
DA:8,0
DA:10,0
DA:11,0
DA:12,0
DA:16,0
DA:17,0
DA:23,0
DA:25,0
DA:26,0
DA:27,0
DA:28,0
DA:29,0
DA:32,0
DA:45,0
DA:47,0
DA:48,0
DA:49,0
DA:50,0
DA:59,0
DA:66,0
DA:68,0
DA:69,0
DA:70,0
DA:71,0
DA:76,0
DA:77,0
DA:83,0
DA:85,0
DA:86,0
DA:92,0
DA:94,0
DA:100,0
DA:102,0
DA:103,0
DA:105,0
DA:106,0
DA:107,0
DA:113,0
DA:115,0
DA:116,0
DA:122,0
DA:124,0
DA:125,0
DA:131,0
DA:133,0
DA:134,0
DA:135,0
DA:136,0
DA:137,0
DA:145,0
DA:147,0
DA:148,0
DA:149,0
DA:156,0
DA:158,0
DA:159,0
DA:160,0
LF:57
LH:0
end_of_record
SF:lib\src\models\team.dart
DA:9,0
DA:11,0
DA:12,0
DA:13,0
DA:17,0
DA:18,0
DA:24,1
DA:32,0
DA:33,0
DA:34,0
DA:35,0
DA:36,0
DA:37,0
DA:46,0
DA:50,0
DA:53,0
DA:55,0
LF:17
LH:1
end_of_record
SF:lib\src\models\team_member.dart
DA:6,0
DA:8,0
DA:9,0
DA:10,0
DA:11,0
DA:12,0
DA:14,0
DA:17,0
DA:18,0
DA:25,1
DA:27,0
DA:28,0
DA:29,0
DA:35,0
DA:36,0
DA:38,0
DA:42,0
DA:45,0
DA:46,0
DA:50,1
DA:58,0
DA:59,0
DA:60,0
DA:61,0
DA:62,0
DA:63,0
DA:72,0
DA:74,0
DA:77,0
DA:81,0
DA:82,0
DA:83,0
DA:84,0
DA:85,0
DA:86,0
DA:89,0
DA:91,0
LF:37
LH:2
end_of_record
SF:lib\src\models\user.dart
DA:7,0
DA:9,0
DA:10,0
DA:11,0
DA:12,0
DA:13,0
DA:14,0
DA:18,0
DA:19,0
DA:26,6
DA:41,10
DA:43,0
DA:44,0
DA:45,0
DA:46,0
DA:47,0
DA:48,0
DA:49,0
DA:50,0
DA:51,0
DA:52,0
DA:53,0
DA:54,0
DA:55,0
DA:71,0
DA:73,0
DA:76,0
DA:80,0
DA:83,0
DA:85,0
DA:88,0
DA:89,0
DA:90,0
DA:91,0
DA:92,0
DA:93,0
DA:94,0
DA:95,0
DA:96,0
DA:97,0
DA:98,0
DA:99,0
DA:100,0
DA:101,0
DA:107,0
DA:117,0
DA:118,0
DA:119,0
DA:120,0
DA:121,0
DA:122,0
DA:123,0
DA:124,0
DA:135,0
DA:137,0
DA:140,0
DA:144,0
DA:145,0
DA:146,0
DA:147,0
DA:148,0
DA:149,0
DA:150,0
DA:151,0
DA:154,0
DA:156,0
DA:157,0
DA:158,0
DA:159,0
DA:160,0
DA:161,0
DA:162,0
DA:167,0
DA:169,0
DA:170,0
DA:171,0
LF:76
LH:2
end_of_record
SF:lib\src\models\work_item_fields.dart
DA:7,0
DA:9,0
DA:10,0
DA:11,0
DA:15,0
DA:16,0
DA:22,1
DA:30,1
DA:42,0
DA:43,0
DA:44,0
DA:45,0
DA:49,0
DA:50,0
DA:51,0
DA:52,0
DA:53,0
DA:55,0
DA:56,0
DA:57,0
DA:61,0
DA:62,0
DA:74,0
DA:76,0
DA:81,0
DA:88,0
DA:89,0
DA:90,0
DA:91,0
DA:92,0
DA:93,0
DA:102,0
DA:103,0
DA:104,0
LF:34
LH:2
end_of_record
SF:lib\src\models\work_item_link_types.dart
DA:6,0
DA:8,0
DA:9,0
DA:10,0
DA:14,0
DA:15,0
DA:21,0
DA:23,0
DA:24,0
DA:25,0
DA:26,0
DA:33,0
DA:39,0
DA:41,0
DA:42,0
DA:43,0
DA:44,0
DA:57,0
DA:59,0
DA:60,0
DA:67,0
DA:76,0
LF:22
LH:0
end_of_record
SF:lib\src\models\work_item_tags.dart
DA:6,0
DA:8,0
DA:9,0
DA:11,0
DA:12,0
DA:13,0
DA:21,0
DA:23,0
DA:25,0
LF:9
LH:0
end_of_record
SF:lib\src\models\work_item_updates.dart
DA:6,0
DA:8,0
DA:9,0
DA:10,0
DA:11,0
DA:15,0
DA:16,0
DA:23,0
DA:33,0
DA:34,0
DA:35,0
DA:36,0
DA:37,0
DA:38,0
DA:39,0
DA:40,0
DA:42,0
DA:53,0
DA:55,0
DA:60,0
DA:89,0
DA:90,0
DA:92,0
DA:93,0
DA:94,0
DA:95,0
DA:97,0
DA:98,0
DA:100,0
DA:101,0
DA:103,0
DA:104,0
DA:106,0
DA:107,0
DA:109,0
DA:110,0
DA:112,0
DA:113,0
DA:115,0
DA:116,0
DA:118,0
DA:119,0
DA:121,0
DA:122,0
DA:124,0
DA:125,0
DA:127,0
DA:128,0
DA:130,0
DA:131,0
DA:133,0
DA:134,0
DA:136,0
DA:137,0
DA:139,0
DA:140,0
DA:142,0
DA:143,0
DA:145,0
DA:146,0
DA:148,0
DA:149,0
DA:151,0
DA:152,0
DA:154,0
DA:155,0
DA:157,0
DA:158,0
DA:160,0
DA:189,0
DA:191,0
DA:196,0
DA:198,0
DA:199,0
DA:200,0
DA:208,0
DA:210,0
DA:211,0
DA:212,0
DA:213,0
DA:214,0
DA:215,0
DA:216,0
DA:228,0
DA:230,0
DA:231,0
DA:232,0
DA:240,0
DA:242,0
DA:243,0
DA:244,0
DA:246,0
DA:247,0
DA:249,0
DA:250,0
DA:258,0
DA:259,0
DA:263,0
DA:265,0
DA:266,0
DA:267,0
DA:268,0
DA:275,0
DA:276,0
DA:280,0
DA:282,0
DA:283,0
DA:284,0
DA:285,0
DA:286,0
DA:294,0
DA:296,0
DA:301,1
DA:308,0
DA:330,1
DA:348,0
DA:354,1
DA:361,0
DA:363,0
DA:364,0
LF:120
LH:3
end_of_record
SF:lib\src\models\work_items.dart
DA:8,0
DA:10,0
DA:11,0
DA:12,0
DA:16,0
DA:17,0
DA:23,0
DA:25,0
DA:31,0
DA:33,0
DA:34,0
DA:35,0
DA:36,0
DA:40,0
DA:41,0
DA:48,1
DA:53,0
DA:54,0
DA:58,2
DA:60,0
DA:61,0
DA:62,0
DA:63,0
DA:64,0
DA:65,0
DA:66,0
DA:69,0
DA:76,1
DA:77,1
DA:78,1
DA:79,1
DA:86,1
DA:90,0
DA:91,0
DA:95,2
DA:124,0
DA:125,0
DA:126,0
DA:127,0
DA:128,0
DA:129,0
DA:130,0
DA:131,0
DA:133,0
DA:134,0
DA:135,0
DA:136,0
DA:137,0
DA:139,0
DA:140,0
DA:141,0
DA:142,0
DA:144,0
DA:145,0
DA:147,0
DA:148,0
DA:149,0
DA:150,0
DA:152,0
DA:153,0
DA:155,0
DA:156,0
DA:158,0
DA:159,0
DA:161,0
DA:162,0
DA:164,0
DA:165,0
DA:166,0
DA:167,0
DA:200,0
DA:202,0
DA:207,1
DA:209,0
DA:210,0
DA:211,0
DA:212,0
DA:213,0
DA:214,0
DA:215,0
DA:225,0
DA:227,0
LF:82
LH:9
end_of_record
SF:lib\src\services\azure_api_service.dart
DA:66,0
DA:387,0
DA:388,0
DA:391,0
DA:392,0
DA:399,0
DA:400,0
DA:405,0
DA:406,0
DA:409,0
DA:410,0
DA:411,0
DA:413,0
DA:415,0
DA:417,0
DA:418,0
DA:421,0
DA:422,0
DA:427,0
DA:428,0
DA:430,0
DA:436,0
DA:437,0
DA:440,0
DA:442,0
DA:443,0
DA:446,0
DA:447,0
DA:452,0
DA:453,0
DA:456,0
DA:457,0
DA:473,0
DA:477,0
DA:479,0
DA:482,0
DA:483,0
DA:485,0
DA:486,0
DA:487,0
DA:489,0
DA:494,0
DA:495,0
DA:497,0
DA:498,0
DA:499,0
DA:500,0
DA:502,0
DA:507,0
DA:508,0
DA:510,0
DA:511,0
DA:512,0
DA:513,0
DA:515,0
DA:520,0
DA:521,0
DA:523,0
DA:524,0
DA:525,0
DA:526,0
DA:528,0
DA:533,0
DA:534,0
DA:536,0
DA:537,0
DA:538,0
DA:539,0
DA:541,0
DA:546,0
DA:547,0
DA:549,0
DA:550,0
DA:551,0
DA:553,0
DA:558,0
DA:559,0
DA:561,0
DA:562,0
DA:563,0
DA:565,0
DA:573,0
DA:574,0
DA:576,0
DA:580,0
DA:582,0
DA:585,0
DA:591,0
DA:592,0
DA:594,0
DA:598,0
DA:599,0
DA:601,0
DA:604,0
DA:611,0
DA:612,0
DA:613,0
DA:615,0
DA:616,0
DA:618,0
DA:619,0
DA:620,0
DA:626,0
DA:628,0
DA:630,0
DA:632,0
DA:634,0
DA:636,0
DA:637,0
DA:638,0
DA:639,0
DA:641,0
DA:644,0
DA:646,0
DA:648,0
DA:649,0
DA:652,0
DA:654,0
DA:655,0
DA:656,0
DA:660,0
DA:661,0
DA:662,0
DA:666,0
DA:668,0
DA:669,0
DA:671,0
DA:673,0
DA:677,0
DA:679,0
DA:681,0
DA:688,0
DA:690,0
DA:691,0
DA:693,0
DA:696,0
DA:698,0
DA:699,0
DA:700,0
DA:701,0
DA:702,0
DA:703,0
DA:704,0
DA:707,0
DA:709,0
DA:710,0
DA:713,0
DA:715,0
DA:718,0
DA:720,0
DA:722,0
DA:725,0
DA:727,0
DA:728,0
DA:730,0
DA:733,0
DA:735,0
DA:737,0
DA:738,0
DA:740,0
DA:743,0
DA:744,0
DA:746,0
DA:747,0
DA:751,0
DA:754,0
DA:756,0
DA:757,0
DA:759,0
DA:760,0
DA:761,0
DA:764,0
DA:765,0
DA:766,0
DA:769,0
DA:773,0
DA:774,0
DA:775,0
DA:776,0
DA:780,0
DA:781,0
DA:784,0
DA:785,0
DA:794,0
DA:795,0
DA:796,0
DA:800,0
DA:801,0
DA:803,0
DA:804,0
DA:811,0
DA:812,0
DA:813,0
DA:814,0
DA:816,0
DA:817,0
DA:818,0
DA:819,0
DA:821,0
DA:830,0
DA:842,0
DA:844,0
DA:846,0
DA:847,0
DA:849,0
DA:852,0
DA:853,0
DA:857,0
DA:858,0
DA:862,0
DA:864,0
DA:865,0
DA:867,0
DA:871,0
DA:875,0
DA:879,0
DA:883,0
DA:887,0
DA:888,0
DA:889,0
DA:893,0
DA:895,0
DA:896,0
DA:897,0
DA:899,0
DA:901,0
DA:902,0
DA:904,0
DA:906,0
DA:907,0
DA:909,0
DA:912,0
DA:913,0
DA:914,0
DA:916,0
DA:918,0
DA:921,0
DA:924,0
DA:926,0
DA:928,0
DA:929,0
DA:930,0
DA:931,0
DA:932,0
DA:934,0
DA:941,0
DA:944,0
DA:945,0
DA:946,0
DA:948,0
DA:950,0
DA:951,0
DA:953,0
DA:955,0
DA:956,0
DA:958,0
DA:961,0
DA:964,0
DA:966,0
DA:970,0
DA:971,0
DA:972,0
DA:973,0
DA:976,0
DA:977,0
DA:979,0
DA:981,0
DA:983,0
DA:984,0
DA:985,0
DA:986,0
DA:988,0
DA:989,0
DA:990,0
DA:991,0
DA:992,0
DA:993,0
DA:995,0
DA:997,0
DA:998,0
DA:999,0
DA:1001,0
DA:1002,0
DA:1003,0
DA:1008,0
DA:1009,0
DA:1011,0
DA:1012,0
DA:1013,0
DA:1014,0
DA:1020,0
DA:1023,0
DA:1028,0
DA:1029,0
DA:1031,0
DA:1034,0
DA:1035,0
DA:1037,0
DA:1038,0
DA:1040,0
DA:1042,0
DA:1045,0
DA:1046,0
DA:1048,0
DA:1050,0
DA:1053,0
DA:1054,0
DA:1055,0
DA:1058,0
DA:1059,0
DA:1062,0
DA:1063,0
DA:1067,0
DA:1068,0
DA:1069,0
DA:1072,0
DA:1074,0
DA:1076,0
DA:1077,0
DA:1079,0
DA:1080,0
DA:1081,0
DA:1084,0
DA:1086,0
DA:1087,0
DA:1091,0
DA:1095,0
DA:1097,0
DA:1099,0
DA:1102,0
DA:1105,0
DA:1106,0
DA:1108,0
DA:1111,0
DA:1116,0
DA:1117,0
DA:1119,0
DA:1121,0
DA:1123,0
DA:1125,0
DA:1126,0
DA:1127,0
DA:1129,0
DA:1131,0
DA:1132,0
DA:1134,0
DA:1136,0
DA:1138,0
DA:1139,0
DA:1147,0
DA:1149,0
DA:1151,0
DA:1152,0
DA:1153,0
DA:1156,0
DA:1157,0
DA:1159,0
DA:1161,0
DA:1163,0
DA:1166,0
DA:1171,0
DA:1172,0
DA:1173,0
DA:1175,0
DA:1176,0
DA:1178,0
DA:1179,0
DA:1181,0
DA:1182,0
DA:1183,0
DA:1186,0
DA:1187,0
DA:1188,0
DA:1189,0
DA:1190,0
DA:1191,0
DA:1192,0
DA:1193,0
DA:1194,0
DA:1195,0
DA:1199,0
DA:1200,0
DA:1201,0
DA:1202,0
DA:1203,0
DA:1204,0
DA:1205,0
DA:1206,0
DA:1207,0
DA:1209,0
DA:1210,0
DA:1211,0
DA:1212,0
DA:1213,0
DA:1214,0
DA:1215,0
DA:1219,0
DA:1220,0
DA:1221,0
DA:1222,0
DA:1223,0
DA:1224,0
DA:1225,0
DA:1227,0
DA:1230,0
DA:1231,0
DA:1232,0
DA:1236,0
DA:1239,0
DA:1245,0
DA:1246,0
DA:1248,0
DA:1250,0
DA:1253,0
DA:1255,0
DA:1256,0
DA:1258,0
DA:1261,0
DA:1274,0
DA:1275,0
DA:1276,0
DA:1277,0
DA:1278,0
DA:1279,0
DA:1281,0
DA:1282,0
DA:1283,0
DA:1284,0
DA:1287,0
DA:1288,0
DA:1289,0
DA:1290,0
DA:1293,0
DA:1298,0
DA:1300,0
DA:1303,0
DA:1318,0
DA:1319,0
DA:1320,0
DA:1321,0
DA:1322,0
DA:1323,0
DA:1324,0
DA:1325,0
DA:1327,0
DA:1328,0
DA:1329,0
DA:1330,0
DA:1331,0
DA:1333,0
DA:1336,0
DA:1337,0
DA:1338,0
DA:1339,0
DA:1342,0
DA:1347,0
DA:1349,0
DA:1352,0
DA:1358,0
DA:1359,0
DA:1360,0
DA:1362,0
DA:1364,0
DA:1367,0
DA:1373,0
DA:1374,0
DA:1375,0
DA:1377,0
DA:1379,0
DA:1382,0
DA:1387,0
DA:1388,0
DA:1390,0
DA:1392,0
DA:1395,0
DA:1402,0
DA:1403,0
DA:1404,0
DA:1407,0
DA:1409,0
DA:1411,0
DA:1412,0
DA:1414,0
DA:1415,0
DA:1418,0
DA:1422,0
DA:1424,0
DA:1427,0
DA:1429,0
DA:1431,0
DA:1432,0
DA:1434,0
DA:1435,0
DA:1438,0
DA:1441,0
DA:1448,0
DA:1450,0
DA:1451,0
DA:1452,0
DA:1453,0
DA:1455,0
DA:1457,0
DA:1460,0
DA:1464,0
DA:1466,0
DA:1467,0
DA:1468,0
DA:1470,0
DA:1474,0
DA:1476,0
DA:1478,0
DA:1479,0
DA:1481,0
DA:1482,0
DA:1484,0
DA:1485,0
DA:1487,0
DA:1488,0
DA:1489,0
DA:1490,0
DA:1491,0
DA:1500,0
DA:1501,0
DA:1504,0
DA:1506,0
DA:1507,0
DA:1511,0
DA:1513,0
DA:1514,0
DA:1516,0
DA:1519,0
DA:1521,0
DA:1522,0
DA:1524,0
DA:1527,0
DA:1529,0
DA:1530,0
DA:1532,0
DA:1534,0
DA:1537,0
DA:1543,0
DA:1544,0
DA:1545,0
DA:1547,0
DA:1549,0
DA:1552,0
DA:1554,0
DA:1555,0
DA:1557,0
DA:1560,0
DA:1562,0
DA:1563,0
DA:1565,0
DA:1567,0
DA:1568,0
DA:1569,0
DA:1571,0
DA:1573,0
DA:1574,0
DA:1575,0
DA:1577,0
DA:1579,0
DA:1580,0
DA:1582,0
DA:1584,0
DA:1585,0
DA:1586,0
DA:1587,0
DA:1591,0
DA:1592,0
DA:1593,0
DA:1594,0
DA:1595,0
DA:1596,0
DA:1599,0
DA:1602,0
DA:1608,0
DA:1609,0
DA:1611,0
DA:1612,0
DA:1613,0
DA:1614,0
DA:1615,0
DA:1616,0
DA:1617,0
DA:1618,0
DA:1625,0
DA:1627,0
DA:1629,0
DA:1630,0
DA:1632,0
DA:1635,0
DA:1636,0
DA:1637,0
DA:1639,0
DA:1642,0
DA:1645,0
DA:1647,0
DA:1648,0
DA:1650,0
DA:1651,0
DA:1652,0
DA:1654,0
DA:1656,0
DA:1657,0
DA:1658,0
DA:1660,0
DA:1662,0
DA:1664,0
DA:1666,0
DA:1667,0
DA:1670,0
DA:1673,0
DA:1679,0
DA:1680,0
DA:1682,0
DA:1684,0
DA:1685,0
DA:1687,0
DA:1688,0
DA:1690,0
DA:1692,0
DA:1693,0
DA:1696,0
DA:1698,0
DA:1700,0
DA:1703,0
DA:1704,0
DA:1705,0
DA:1707,0
DA:1708,0
DA:1710,0
DA:1713,0
DA:1714,0
DA:1715,0
DA:1717,0
DA:1720,0
DA:1723,0
DA:1725,0
DA:1726,0
DA:1727,0
DA:1729,0
DA:1731,0
DA:1732,0
DA:1733,0
DA:1735,0
DA:1736,0
DA:1739,0
DA:1742,0
DA:1743,0
DA:1744,0
DA:1746,0
DA:1749,0
DA:1756,0
DA:1758,0
DA:1759,0
DA:1761,0
DA:1763,0
DA:1764,0
DA:1765,0
DA:1767,0
DA:1769,0
DA:1770,0
DA:1771,0
DA:1772,0
DA:1775,0
DA:1776,0
DA:1778,0
DA:1779,0
DA:1780,0
DA:1781,0
DA:1782,0
DA:1783,0
DA:1784,0
DA:1786,0
DA:1787,0
DA:1792,0
DA:1793,0
DA:1794,0
DA:1795,0
DA:1798,0
DA:1799,0
DA:1800,0
DA:1801,0
DA:1804,0
DA:1806,0
DA:1808,0
DA:1809,0
DA:1810,0
DA:1811,0
DA:1812,0
DA:1813,0
DA:1814,0
DA:1815,0
DA:1816,0
DA:1817,0
DA:1818,0
DA:1819,0
DA:1820,0
DA:1825,0
DA:1827,0
DA:1828,0
DA:1829,0
DA:1830,0
DA:1831,0
DA:1832,0
DA:1833,0
DA:1836,0
DA:1837,0
DA:1838,0
DA:1839,0
DA:1840,0
DA:1841,0
DA:1844,0
DA:1845,0
DA:1846,0
DA:1847,0
DA:1848,0
DA:1849,0
DA:1852,0
DA:1853,0
DA:1854,0
DA:1855,0
DA:1856,0
DA:1857,0
DA:1858,0
DA:1860,0
DA:1862,0
DA:1863,0
DA:1867,0
DA:1869,0
DA:1870,0
DA:1871,0
DA:1873,0
DA:1874,0
DA:1876,0
DA:1877,0
DA:1881,0
DA:1883,0
DA:1884,0
DA:1885,0
DA:1888,0
DA:1895,0
DA:1896,0
DA:1898,0
DA:1900,0
DA:1901,0
DA:1904,0
DA:1906,0
DA:1907,0
DA:1909,0
DA:1912,0
DA:1928,0
DA:1929,0
DA:1931,0
DA:1933,0
DA:1935,0
DA:1937,0
DA:1939,0
DA:1941,0
DA:1942,0
DA:1943,0
DA:1945,0
DA:1946,0
DA:1947,0
DA:1955,0
DA:1957,0
DA:1960,0
DA:1968,0
DA:1969,0
DA:1970,0
DA:1973,0
DA:1975,0
DA:1978,0
DA:1991,0
DA:1993,0
DA:1995,0
DA:1996,0
DA:1997,0
DA:1999,0
DA:2005,0
DA:2008,0
DA:2009,0
DA:2010,0
DA:2012,0
DA:2014,0
DA:2015,0
DA:2021,0
DA:2023,0
DA:2026,0
DA:2036,0
DA:2038,0
DA:2040,0
DA:2042,0
DA:2044,0
DA:2047,0
DA:2056,0
DA:2058,0
DA:2060,0
DA:2062,0
DA:2065,0
DA:2075,0
DA:2076,0
DA:2079,0
DA:2080,0
DA:2081,0
DA:2083,0
DA:2085,0
DA:2088,0
DA:2093,0
DA:2094,0
DA:2096,0
DA:2098,0
DA:2101,0
DA:2113,0
DA:2115,0
DA:2116,0
DA:2120,0
DA:2123,0
DA:2124,0
DA:2125,0
DA:2127,0
DA:2129,0
DA:2131,0
DA:2134,0
DA:2136,0
DA:2137,0
DA:2139,0
DA:2142,0
DA:2151,0
DA:2152,0
DA:2154,0
DA:2156,0
DA:2158,0
DA:2160,0
DA:2161,0
DA:2162,0
DA:2163,0
DA:2164,0
DA:2165,0
DA:2172,0
DA:2173,0
DA:2176,0
DA:2179,0
DA:2180,0
DA:2181,0
DA:2182,0
DA:2183,0
DA:2186,0
DA:2188,0
DA:2189,0
DA:2190,0
DA:2191,0
DA:2196,0
DA:2197,0
DA:2198,0
DA:2199,0
DA:2200,0
DA:2203,0
DA:2205,0
DA:2206,0
DA:2208,0
DA:2210,0
DA:2212,0
DA:2214,0
DA:2217,0
DA:2225,0
DA:2226,0
DA:2227,0
DA:2229,0
DA:2230,0
DA:2234,0
DA:2236,0
DA:2238,0
DA:2241,0
DA:2243,0
DA:2244,0
DA:2247,0
DA:2249,0
DA:2251,0
DA:2254,0
DA:2256,0
DA:2257,0
DA:2259,0
DA:2261,0
DA:2262,0
DA:2263,0
DA:2264,0
DA:2265,0
DA:2268,0
DA:2274,0
DA:2275,0
DA:2277,0
DA:2280,0
DA:2288,0
DA:2289,0
DA:2291,0
DA:2292,0
DA:2297,0
DA:2298,0
DA:2301,0
DA:2304,0
DA:2305,0
DA:2306,0
DA:2307,0
DA:2309,0
DA:2311,0
DA:2313,0
DA:2315,0
DA:2316,0
DA:2319,0
DA:2320,0
DA:2321,0
DA:2322,0
DA:2323,0
DA:2324,0
DA:2325,0
DA:2334,0
DA:2335,0
DA:2338,0
DA:2341,0
DA:2342,0
DA:2343,0
DA:2344,0
DA:2346,0
DA:2349,0
DA:2351,0
DA:2352,0
DA:2353,0
DA:2354,0
DA:2355,0
DA:2356,0
DA:2357,0
DA:2358,0
DA:2359,0
DA:2366,0
DA:2368,0
DA:2369,0
DA:2370,0
DA:2373,0
DA:2379,0
DA:2381,0
DA:2382,0
DA:2384,0
DA:2386,0
DA:2387,0
DA:2390,0
DA:2391,0
DA:2393,0
DA:2394,0
DA:2395,0
DA:2398,0
DA:2405,0
DA:2406,0
DA:2407,0
DA:2408,0
DA:2409,0
DA:2410,0
DA:2411,0
DA:2412,0
DA:2414,0
DA:2415,0
DA:2416,0
DA:2417,0
DA:2418,0
DA:2419,0
DA:2420,0
DA:2421,0
DA:2427,0
DA:2429,0
DA:2432,0
DA:2434,0
DA:2435,0
DA:2436,0
DA:2438,0
DA:2440,0
DA:2443,0
DA:2449,0
DA:2450,0
DA:2451,0
DA:2453,0
DA:2456,0
DA:2458,0
DA:2461,0
DA:2463,0
DA:2465,0
DA:2468,0
DA:2470,0
DA:2472,0
DA:2474,0
DA:2477,0
DA:2480,0
DA:2482,0
DA:2484,0
DA:2486,0
DA:2489,0
DA:2492,0
DA:2494,0
DA:2495,0
DA:2497,0
DA:2499,0
DA:2502,0
DA:2503,0
DA:2504,0
DA:2506,0
DA:2508,0
DA:2509,0
DA:2512,0
DA:2514,0
DA:2515,0
DA:2516,0
DA:2517,0
DA:2518,0
DA:2519,0
DA:2522,0
DA:2524,0
DA:2525,0
DA:2526,0
DA:2527,0
DA:2528,0
DA:2532,0
DA:2534,0
DA:2536,0
DA:2537,0
DA:2538,0
DA:2542,0
DA:2543,0
DA:2545,0
DA:2546,0
DA:2547,0
DA:2548,0
DA:2550,0
DA:2551,0
DA:2552,0
DA:2554,0
DA:2555,0
DA:2557,0
DA:2558,0
DA:2567,0
DA:2568,0
DA:2570,0
DA:2571,0
DA:2572,0
DA:2574,0
DA:2575,0
DA:2576,0
DA:2577,0
DA:2578,0
DA:2588,15
DA:2592,15
DA:2593,15
DA:2596,0
DA:2605,6
DA:2607,15
DA:2609,0
DA:2615,4
DA:2616,4
DA:2617,3
DA:2618,1
DA:2619,4
DA:2623,0
DA:2624,0
DA:2628,1
LF:1063
LH:11
end_of_record
SF:lib\src\mixins\logger_mixin.dart
DA:10,0
DA:11,0
DA:15,0
DA:16,0
DA:20,0
DA:23,0
DA:27,0
DA:29,0
DA:33,0
DA:37,0
DA:39,0
DA:43,0
DA:44,0
DA:45,0
LF:14
LH:0
end_of_record
SF:lib\src\services\msal_service.dart
DA:5,1
DA:6,1
DA:9,1
DA:17,0
DA:21,0
DA:22,0
DA:27,0
DA:32,0
DA:35,0
DA:37,0
DA:38,0
DA:42,0
DA:44,0
DA:46,0
DA:52,0
DA:54,0
DA:56,0
DA:57,0
DA:58,0
DA:61,0
DA:66,0
DA:68,0
DA:70,0
DA:71,0
DA:72,0
DA:73,0
DA:80,1
LF:27
LH:4
end_of_record
SF:lib\src\services\storage_service.dart
DA:54,0
DA:55,0
DA:58,0
DA:59,0
DA:66,0
DA:70,0
DA:71,0
DA:74,0
DA:76,0
DA:79,0
DA:81,0
DA:84,0
DA:86,0
DA:89,0
DA:91,0
DA:94,0
DA:96,0
DA:97,0
DA:100,0
DA:102,0
DA:105,0
DA:107,0
DA:108,0
DA:109,0
DA:110,0
DA:113,0
DA:115,0
DA:116,0
DA:118,0
DA:119,0
DA:121,0
DA:124,0
DA:126,0
DA:129,0
DA:131,0
DA:134,0
DA:136,0
DA:139,0
DA:141,0
DA:144,0
DA:146,0
DA:148,0
DA:149,0
DA:151,0
DA:155,0
DA:157,0
DA:160,0
DA:161,0
DA:163,0
DA:165,0
DA:168,0
DA:170,0
DA:171,0
DA:174,0
DA:176,0
DA:178,0
DA:179,0
DA:183,0
DA:184,0
DA:186,0
DA:193,0
DA:196,0
DA:199,0
DA:201,0
DA:203,0
DA:205,0
DA:208,0
DA:210,0
DA:211,0
DA:214,0
DA:216,0
DA:218,0
DA:219,0
DA:222,0
DA:223,0
DA:228,0
DA:229,0
DA:231,0
DA:235,0
DA:238,0
DA:241,0
DA:244,0
DA:246,0
DA:249,0
DA:250,0
DA:251,0
DA:253,0
DA:256,0
DA:258,0
DA:260,0
DA:261,0
DA:264,0
DA:267,0
DA:268,0
DA:270,0
DA:272,0
DA:277,0
DA:278,0
DA:281,0
DA:285,0
DA:291,0
DA:292,0
DA:293,0
DA:296,0
DA:297,0
DA:298,0
DA:301,0
DA:302,0
DA:303,0
DA:306,0
DA:307,0
DA:308,0
DA:311,0
DA:312,0
DA:313,0
DA:316,0
DA:317,0
DA:318,0
DA:321,0
DA:322,0
DA:323,0
DA:326,0
DA:327,0
DA:328,0
DA:331,0
DA:332,0
DA:333,0
DA:336,0
DA:337,0
DA:338,0
DA:341,0
DA:342,0
DA:343,0
DA:346,0
DA:347,0
DA:348,0
DA:351,0
DA:352,0
DA:370,8
DA:374,7
DA:375,7
DA:378,0
DA:388,0
DA:390,0
DA:391,0
DA:392,0
DA:393,0
DA:394,0
DA:395,0
DA:399,0
DA:406,0
DA:407,0
DA:408,0
DA:409,0
DA:410,0
DA:411,0
DA:415,0
DA:417,0
DA:418,0
DA:419,0
DA:421,0
DA:422,0
DA:423,0
DA:426,0
DA:432,0
DA:434,0
DA:435,0
DA:436,0
DA:437,0
DA:438,0
DA:439,0
DA:443,0
DA:450,0
DA:451,0
DA:454,0
DA:456,0
DA:457,0
DA:458,0
DA:460,0
DA:461,0
DA:462,0
DA:465,0
LF:182
LH:3
end_of_record
SF:lib\src\theme\theme.dart
DA:47,25
DA:49,30
DA:51,0
DA:53,0
DA:55,0
DA:57,0
DA:59,0
DA:60,0
DA:61,0
DA:65,0
DA:67,0
DA:70,0
DA:71,0
DA:72,0
DA:74,0
DA:77,0
DA:78,0
DA:79,0
DA:81,0
DA:84,0
DA:85,0
DA:86,0
DA:89,4
DA:91,0
DA:92,0
DA:94,0
DA:96,0
DA:98,0
DA:99,0
DA:103,0
DA:104,0
DA:105,0
DA:106,0
DA:107,0
DA:108,0
DA:109,0
DA:111,0
DA:112,0
DA:113,0
DA:114,0
DA:115,0
DA:123,0
DA:124,0
DA:125,0
DA:126,0
DA:127,0
DA:128,0
DA:129,0
DA:130,0
DA:131,0
DA:132,0
DA:133,0
DA:134,0
DA:135,0
DA:136,0
DA:137,0
DA:138,0
DA:139,0
DA:140,0
DA:145,0
DA:152,0
DA:153,0
DA:154,0
DA:155,0
DA:156,0
DA:158,0
DA:159,0
DA:164,0
DA:165,0
DA:166,0
DA:167,0
DA:168,0
DA:172,0
DA:173,0
DA:174,0
DA:178,0
DA:179,0
DA:180,0
DA:181,0
DA:182,0
DA:184,0
DA:188,0
DA:189,0
DA:190,0
DA:191,0
DA:192,0
DA:196,0
DA:200,0
DA:201,0
DA:202,0
DA:203,0
DA:205,0
DA:206,0
DA:207,0
DA:209,0
DA:210,0
DA:215,0
DA:216,0
DA:217,0
DA:219,0
DA:220,0
DA:221,0
DA:222,0
DA:226,0
DA:227,0
DA:229,0
DA:230,0
DA:232,0
DA:233,0
DA:237,0
DA:238,0
DA:239,0
DA:240,0
DA:241,0
DA:246,0
DA:247,0
DA:250,0
DA:251,0
DA:254,0
DA:255,0
DA:256,0
DA:257,0
DA:258,0
DA:259,0
DA:260,0
DA:265,0
DA:266,0
DA:268,0
DA:269,0
DA:270,0
DA:271,0
DA:277,15
DA:282,0
DA:287,0
DA:289,0
DA:293,0
DA:294,0
DA:295,0
LF:138
LH:4
end_of_record
SF:lib\src\router\router.dart
DA:53,0
DA:55,12
DA:90,3
DA:92,0
DA:94,0
DA:97,0
DA:100,0
DA:104,3
DA:105,0
DA:106,0
DA:107,2
DA:108,0
DA:109,0
DA:110,0
DA:111,0
DA:112,0
DA:113,0
DA:114,0
DA:115,0
DA:116,0
DA:117,0
DA:118,0
DA:119,0
DA:120,0
DA:121,0
DA:122,0
DA:123,0
DA:124,0
DA:125,0
DA:126,0
DA:127,0
DA:128,0
DA:129,0
DA:130,0
DA:131,0
DA:134,0
DA:135,0
DA:138,0
DA:139,0
DA:141,0
DA:142,0
DA:143,0
DA:145,0
DA:151,0
DA:152,0
DA:155,0
DA:156,0
DA:159,0
DA:160,0
DA:163,1
DA:165,3
DA:167,0
DA:171,4
DA:173,0
DA:175,2
DA:177,0
DA:178,0
DA:180,2
DA:182,0
DA:183,0
DA:185,2
DA:187,0
DA:189,2
DA:191,0
DA:196,0
DA:198,2
DA:200,0
DA:202,0
DA:204,0
DA:206,2
DA:208,0
DA:210,2
DA:212,0
DA:213,0
DA:215,2
DA:217,0
DA:218,0
DA:220,0
DA:222,0
DA:223,0
DA:225,0
DA:227,0
DA:229,0
DA:231,0
DA:232,0
DA:234,0
DA:236,0
DA:237,0
DA:239,0
DA:241,0
DA:243,2
DA:245,0
DA:246,0
DA:248,2
DA:250,0
DA:252,2
DA:254,0
DA:256,2
DA:258,0
DA:260,2
DA:262,0
DA:264,0
DA:265,0
DA:268,0
DA:269,0
DA:272,0
DA:275,0
DA:278,0
DA:279,0
DA:283,0
DA:285,60
DA:289,2
DA:296,0
DA:300,0
DA:301,0
DA:302,0
DA:303,0
DA:304,0
DA:307,0
DA:309,0
DA:312,0
DA:314,0
DA:317,0
DA:318,0
DA:319,0
DA:320,0
DA:321,0
DA:322,0
DA:328,0
LF:129
LH:22
end_of_record
SF:lib\src\screens\choose_projects\base_choose_projects.dart
DA:28,2
DA:33,2
DA:35,2
DA:36,2
DA:37,8
DA:38,4
DA:39,4
LF:7
LH:7
end_of_record
SF:lib\src\screens\choose_projects\parameters_choose_projects.dart
DA:4,4
LF:1
LH:1
end_of_record
SF:lib\src\screens\choose_projects\screen_choose_projects.dart
DA:4,2
DA:9,2
DA:11,2
DA:13,0
DA:14,2
DA:15,2
DA:16,2
DA:17,4
DA:19,4
DA:23,4
DA:24,2
DA:25,2
DA:27,2
DA:29,10
DA:34,8
DA:35,0
DA:37,0
DA:39,0
DA:40,0
DA:44,2
DA:45,4
DA:46,4
DA:47,2
DA:48,2
DA:51,2
DA:52,2
DA:53,2
DA:54,4
DA:55,4
DA:56,2
DA:57,2
DA:59,10
DA:61,2
DA:67,2
DA:68,4
DA:69,4
DA:70,2
DA:71,0
DA:72,2
DA:78,2
DA:82,2
DA:83,8
DA:86,2
DA:87,4
DA:88,8
DA:90,6
LF:46
LH:40
end_of_record
SF:lib\src\screens\choose_projects\controller_choose_projects.dart
DA:4,2
DA:21,2
DA:22,4
DA:23,2
DA:24,0
DA:27,4
DA:29,4
DA:30,2
DA:32,8
DA:35,4
DA:36,0
DA:37,0
DA:38,0
DA:39,0
DA:40,0
DA:43,6
DA:44,4
DA:47,6
DA:48,2
DA:49,6
DA:50,2
DA:53,10
DA:54,6
DA:57,0
DA:58,0
DA:60,0
DA:63,0
DA:64,0
DA:65,0
DA:67,0
DA:70,0
DA:73,0
DA:74,0
DA:75,0
DA:78,0
DA:80,0
DA:81,0
DA:82,0
DA:85,0
DA:86,0
DA:88,0
DA:91,0
DA:94,0
DA:98,0
DA:99,0
DA:100,0
DA:101,0
DA:107,0
DA:109,0
DA:110,0
DA:114,0
DA:115,0
DA:117,0
DA:118,0
DA:122,0
DA:123,0
DA:127,0
DA:130,0
DA:133,0
DA:136,0
DA:141,0
DA:142,0
DA:143,0
DA:144,0
DA:146,0
DA:147,0
DA:149,0
DA:151,0
DA:161,0
DA:162,0
DA:165,0
DA:166,0
DA:170,0
DA:173,0
DA:175,0
DA:178,0
DA:182,0
LF:77
LH:17
end_of_record
SF:lib\src\extensions\approval_extension.dart
DA:12,0
DA:13,0
DA:14,0
DA:17,0
DA:20,0
DA:21,0
DA:22,0
DA:25,0
DA:29,0
DA:31,0
DA:32,0
DA:33,0
DA:34,0
DA:35,0
DA:36,0
DA:37,0
DA:38,0
DA:39,0
DA:40,0
DA:41,0
DA:42,0
DA:45,0
DA:49,0
DA:50,0
DA:51,0
DA:52,0
DA:54,0
DA:57,0
LF:28
LH:0
end_of_record
SF:lib\src\extensions\context_extension.dart
DA:7,45
DA:8,39
DA:9,45
DA:10,8
DA:11,0
DA:13,45
DA:14,21
LF:7
LH:6
end_of_record
SF:lib\src\extensions\datetime_extension.dart
DA:4,24
DA:6,0
DA:8,8
DA:9,8
DA:10,8
DA:12,16
DA:13,9
DA:16,10
DA:17,0
DA:20,10
DA:21,0
DA:24,10
DA:27,0
DA:28,0
DA:29,0
DA:32,0
DA:33,0
DA:35,0
DA:36,0
DA:39,0
DA:40,0
DA:43,0
DA:44,0
LF:23
LH:9
end_of_record
SF:lib\src\extensions\string_extension.dart
DA:5,1
DA:6,1
DA:7,1
DA:9,0
DA:12,2
DA:17,0
DA:18,0
DA:20,0
LF:8
LH:4
end_of_record
SF:lib\src\theme\dev_ops_icons_icons.dart
DA:6,0
LF:1
LH:0
end_of_record
SF:lib\src\extensions\area_or_iteration_extension.dart
DA:4,0
DA:6,0
DA:8,0
DA:9,0
DA:10,0
DA:11,0
DA:14,0
DA:15,0
DA:16,0
DA:17,0
DA:20,0
DA:21,0
DA:22,0
LF:13
LH:0
end_of_record
SF:lib\src\extensions\child_query_extension.dart
DA:4,0
LF:1
LH:0
end_of_record
SF:lib\src\extensions\commit_extension.dart
DA:4,0
DA:5,0
DA:7,2
DA:8,14
DA:10,2
DA:12,2
LF:6
LH:4
end_of_record
SF:lib\src\extensions\duration_extension.dart
DA:2,0
DA:3,0
DA:4,0
LF:3
LH:0
end_of_record
SF:lib\src\extensions\num_extension.dart
DA:4,5
DA:6,0
DA:8,0
LF:3
LH:1
end_of_record
SF:lib\src\extensions\pipeline_extension.dart
DA:4,3
LF:1
LH:1
end_of_record
SF:lib\src\extensions\pipeline_result_extension.dart
DA:9,2
DA:11,2
DA:12,1
DA:13,2
DA:14,0
DA:15,2
DA:16,2
DA:17,1
DA:18,0
DA:19,1
DA:20,0
DA:22,1
DA:26,1
DA:28,1
DA:30,1
DA:32,1
DA:34,1
DA:36,1
DA:38,0
DA:40,0
DA:43,0
DA:49,1
DA:51,1
DA:52,0
DA:53,1
DA:54,0
DA:55,1
DA:56,0
DA:57,1
DA:58,0
DA:59,1
DA:60,1
DA:62,0
LF:33
LH:22
end_of_record
SF:lib\src\widgets\pipeline_in_progress_animated_icon.dart
DA:4,1
DA:8,1
DA:9,1
DA:16,1
DA:18,1
DA:19,4
DA:20,4
DA:22,3
DA:23,3
DA:24,0
DA:26,0
DA:27,0
DA:33,1
DA:35,2
DA:36,1
DA:39,1
DA:41,4
LF:17
LH:14
end_of_record
SF:lib\src\extensions\pull_request_extension.dart
DA:6,3
DA:7,3
DA:11,0
DA:12,0
DA:14,0
DA:17,0
DA:21,0
DA:23,0
DA:25,0
DA:27,0
DA:29,0
DA:36,0
DA:37,0
DA:39,0
DA:42,0
DA:46,0
DA:47,0
DA:48,0
DA:49,0
DA:50,0
DA:51,0
DA:52,0
DA:58,0
DA:59,0
DA:62,0
DA:65,0
DA:67,0
DA:69,0
DA:71,0
DA:72,0
DA:79,0
DA:81,0
DA:83,0
DA:85,0
DA:87,0
DA:88,0
LF:36
LH:2
end_of_record
SF:lib\src\extensions\reponse_extension.dart
DA:6,0
DA:7,0
LF:2
LH:0
end_of_record
SF:lib\src\extensions\work_item_relation_extension.dart
DA:6,0
DA:7,0
DA:8,0
DA:9,0
DA:10,0
DA:13,0
DA:15,0
DA:17,0
DA:18,0
DA:19,0
DA:20,0
DA:21,0
DA:25,0
DA:29,4
LF:14
LH:1
end_of_record
SF:lib\src\extensions\work_item_update_extension.dart
DA:4,0
DA:5,0
DA:9,0
DA:10,0
DA:11,0
DA:12,0
DA:13,0
DA:14,0
DA:16,0
DA:17,0
DA:18,0
DA:21,0
DA:22,0
DA:23,0
DA:24,0
DA:25,0
LF:16
LH:0
end_of_record
SF:lib\src\mixins\api_error_mixin.dart
DA:8,0
DA:12,0
DA:13,0
DA:14,0
DA:16,0
DA:24,0
DA:29,0
DA:30,0
DA:31,0
DA:32,0
DA:34,0
DA:42,0
DA:43,0
DA:52,0
DA:53,0
DA:56,0
DA:57,0
DA:60,0
DA:61,0
DA:64,0
DA:67,0
DA:68,0
DA:69,0
DA:71,0
LF:24
LH:0
end_of_record
SF:lib\src\mixins\filter_mixin.dart
DA:13,12
DA:18,12
DA:20,16
DA:22,4
DA:23,4
DA:24,4
DA:25,4
DA:26,4
DA:27,4
DA:29,8
DA:31,4
DA:33,4
DA:34,0
DA:35,0
DA:36,4
DA:40,0
DA:41,0
DA:42,0
DA:43,0
DA:46,0
DA:47,0
DA:50,0
DA:51,0
DA:54,0
DA:56,0
DA:59,16
DA:61,4
DA:62,8
DA:65,0
DA:66,0
DA:67,0
DA:68,0
LF:32
LH:16
end_of_record
SF:lib\src\utils\utils.dart
DA:8,0
DA:9,0
LF:2
LH:0
end_of_record
SF:lib\src\mixins\pull_request_mixin.dart
DA:15,1
DA:21,1
DA:22,1
DA:24,1
DA:25,1
DA:27,2
DA:31,1
DA:32,0
DA:33,0
DA:36,1
DA:38,2
DA:39,0
DA:40,0
DA:41,0
DA:42,0
DA:44,0
DA:45,0
DA:46,0
DA:49,0
DA:51,0
DA:53,0
DA:60,1
DA:61,0
DA:63,3
DA:65,2
DA:67,0
DA:69,0
DA:70,0
DA:71,0
DA:72,0
DA:73,0
DA:74,0
DA:85,0
DA:86,0
DA:87,0
DA:89,0
DA:91,0
DA:92,0
DA:98,1
DA:102,2
DA:104,3
DA:106,2
DA:109,1
DA:110,0
DA:115,0
DA:116,0
DA:119,1
DA:122,0
DA:123,0
DA:125,0
DA:127,0
DA:128,0
DA:129,0
DA:130,0
DA:131,0
DA:132,0
DA:134,0
DA:135,0
DA:140,0
DA:143,0
DA:144,0
DA:145,0
DA:146,0
DA:149,0
LF:64
LH:18
end_of_record
SF:lib\src\mixins\share_mixin.dart
DA:7,0
DA:8,0
DA:9,0
DA:10,0
DA:11,0
DA:12,0
DA:13,0
DA:14,0
DA:15,0
LF:9
LH:0
end_of_record
SF:lib\src\models\backlog.dart
DA:6,0
DA:8,0
DA:9,0
DA:10,0
DA:16,0
DA:17,0
DA:21,0
DA:23,0
DA:24,0
LF:9
LH:0
end_of_record
SF:lib\src\models\timeline.dart
DA:10,0
DA:18,0
DA:19,0
DA:20,0
DA:22,0
DA:23,0
DA:24,0
DA:25,0
DA:28,0
DA:29,0
DA:39,0
DA:68,0
DA:69,0
DA:70,0
DA:71,0
DA:72,0
DA:73,0
DA:74,0
DA:75,0
DA:76,0
DA:77,0
DA:78,0
DA:79,0
DA:80,0
DA:81,0
DA:82,0
DA:83,0
DA:84,0
DA:85,0
DA:86,0
DA:87,0
DA:88,0
DA:89,0
DA:90,0
DA:91,0
DA:92,0
DA:93,0
DA:94,0
DA:95,0
DA:96,0
DA:126,0
DA:128,0
DA:133,0
DA:135,0
DA:136,0
DA:144,0
DA:146,0
DA:147,0
DA:155,0
DA:157,0
DA:158,0
DA:175,0
DA:176,0
DA:179,0
DA:182,0
DA:184,0
DA:186,0
DA:191,0
DA:195,0
DA:196,0
DA:197,0
DA:198,0
DA:199,0
DA:200,0
DA:218,0
DA:219,0
DA:222,0
DA:225,0
DA:227,0
DA:229,0
DA:231,0
DA:233,0
DA:235,0
DA:240,0
DA:244,0
DA:245,0
DA:246,0
DA:248,0
DA:251,0
DA:252,0
DA:253,0
DA:254,0
DA:256,0
DA:259,0
DA:260,0
DA:261,0
LF:86
LH:0
end_of_record
SF:lib\src\models\shared.dart
DA:2,1
DA:10,0
DA:11,0
DA:12,0
DA:13,0
DA:14,0
DA:15,0
DA:26,1
DA:28,0
LF:9
LH:2
end_of_record
SF:lib\src\models\pull_request_policies.dart
DA:6,0
DA:8,0
DA:9,0
DA:11,0
DA:12,0
DA:19,0
DA:21,0
DA:22,0
DA:23,0
DA:24,0
DA:25,0
DA:26,0
DA:27,0
DA:29,0
DA:39,0
DA:41,0
DA:46,0
DA:54,0
DA:55,0
DA:56,0
DA:57,0
DA:58,0
DA:59,0
DA:70,0
DA:77,0
DA:78,0
DA:79,0
DA:80,0
DA:81,0
DA:91,0
DA:93,0
DA:94,0
LF:32
LH:0
end_of_record
SF:lib\src\models\team_areas.dart
DA:6,0
DA:8,0
DA:9,0
DA:10,0
DA:11,0
DA:15,0
DA:16,0
DA:23,0
DA:25,0
DA:26,0
LF:10
LH:0
end_of_record
SF:lib\src\models\team_settings.dart
DA:6,0
DA:8,0
DA:9,0
DA:12,0
DA:13,0
LF:5
LH:0
end_of_record
SF:lib\src\models\user_entitlements.dart
DA:6,0
DA:8,0
DA:9,0
DA:10,0
DA:14,0
DA:15,0
DA:21,0
DA:23,0
DA:24,0
DA:25,0
DA:26,0
DA:27,0
DA:37,0
DA:51,0
DA:52,0
DA:53,0
DA:54,0
DA:55,0
DA:56,0
DA:57,0
DA:58,0
DA:59,0
DA:60,0
DA:61,0
DA:62,0
LF:25
LH:0
end_of_record
SF:lib\src\models\work_item_comments.dart
DA:6,0
DA:8,0
DA:9,0
DA:11,0
DA:12,0
DA:13,0
DA:14,0
DA:15,0
DA:25,0
DA:37,0
DA:38,0
DA:39,0
DA:40,0
DA:41,0
DA:42,0
DA:43,0
DA:44,0
DA:45,0
DA:46,0
DA:61,0
DA:63,0
DA:64,0
DA:65,0
DA:66,0
DA:67,0
LF:25
LH:0
end_of_record
SF:lib\src\models\work_item_type_rules.dart
DA:6,0
DA:8,0
DA:9,0
DA:11,0
DA:12,0
DA:19,0
DA:21,0
DA:22,0
DA:23,0
DA:24,0
DA:26,0
DA:27,0
DA:29,0
DA:39,1
DA:41,0
DA:42,0
DA:43,0
DA:44,0
DA:51,0
DA:52,0
DA:63,0
DA:65,0
DA:67,0
DA:69,0
DA:71,0
DA:73,0
DA:82,1
DA:84,0
DA:85,0
DA:86,0
DA:87,0
DA:94,0
DA:95,0
DA:106,0
DA:108,0
DA:109,0
DA:110,0
DA:111,0
DA:112,0
DA:117,2
DA:118,2
DA:119,2
DA:120,2
DA:121,2
LF:44
LH:7
end_of_record
SF:lib\src\models\work_item_type_with_transitions.dart
DA:6,0
DA:8,0
DA:9,0
DA:11,0
DA:12,0
DA:13,0
DA:14,0
DA:15,0
LF:8
LH:0
end_of_record
SF:lib\src\router\share_extension_router.dart
DA:9,0
DA:11,0
DA:12,0
DA:13,0
DA:14,0
DA:15,0
DA:17,0
DA:18,0
DA:19,0
DA:20,0
DA:21,0
DA:24,0
DA:25,0
DA:26,0
DA:29,0
DA:32,0
DA:33,0
DA:34,0
DA:35,0
DA:36,0
DA:39,0
DA:40,0
DA:41,0
DA:42,0
DA:45,0
DA:46,0
DA:47,0
DA:48,0
DA:51,0
DA:52,0
DA:53,0
DA:54,0
DA:56,0
DA:59,0
DA:60,0
DA:61,0
DA:62,0
DA:65,0
DA:66,0
DA:67,0
DA:68,0
DA:71,0
DA:73,0
DA:74,0
DA:75,0
DA:76,0
DA:78,0
DA:80,0
DA:87,0
DA:89,0
DA:92,0
DA:93,0
DA:95,0
DA:96,0
DA:98,0
DA:101,0
DA:102,0
DA:106,0
DA:107,0
DA:109,0
DA:110,0
DA:112,0
DA:115,0
DA:116,0
DA:120,0
DA:121,0
DA:122,0
DA:124,0
DA:125,0
DA:127,0
DA:129,0
DA:131,0
DA:132,0
DA:137,0
DA:139,0
DA:142,0
DA:143,0
DA:144,0
DA:148,0
DA:150,0
DA:151,0
DA:153,0
DA:154,0
DA:156,0
DA:157,0
DA:159,0
DA:160,0
DA:162,0
DA:163,0
DA:165,0
DA:167,0
DA:168,0
DA:170,0
DA:171,0
DA:173,0
DA:174,0
DA:176,0
DA:177,0
DA:179,0
DA:180,0
DA:182,0
LF:101
LH:0
end_of_record
SF:lib\src\screens\board_detail\components_board_detail.dart
DA:4,0
DA:8,0
DA:10,0
DA:11,0
DA:12,0
DA:13,0
DA:14,0
DA:17,0
DA:18,0
DA:19,0
DA:23,0
DA:24,0
DA:25,0
DA:35,0
DA:39,0
DA:41,0
DA:42,0
DA:43,0
DA:44,0
DA:47,0
DA:48,0
DA:50,0
DA:51,0
DA:52,0
DA:53,0
DA:54,0
DA:55,0
DA:56,0
DA:58,0
DA:60,0
DA:61,0
DA:62,0
DA:63,0
DA:64,0
DA:65,0
DA:66,0
LF:36
LH:0
end_of_record
SF:lib\src\screens\board_detail\screen_board_detail.dart
DA:4,0
DA:9,0
DA:11,0
DA:12,0
DA:13,0
DA:14,0
DA:15,0
DA:17,0
DA:18,0
DA:19,0
DA:20,0
DA:21,0
DA:22,0
DA:23,0
DA:24,0
DA:25,0
DA:26,0
DA:27,0
DA:28,0
DA:29,0
LF:20
LH:0
end_of_record
SF:lib\src\screens\board_detail\controller_board_detail.dart
DA:4,0
DA:17,0
DA:22,0
DA:23,0
DA:24,0
DA:26,0
DA:28,0
DA:29,0
DA:31,0
DA:34,0
DA:35,0
DA:37,0
DA:38,0
DA:40,0
DA:41,0
DA:42,0
DA:43,0
DA:44,0
DA:46,0
DA:48,0
DA:50,0
DA:53,0
DA:54,0
DA:55,0
DA:56,0
DA:58,0
DA:60,0
DA:63,0
DA:64,0
DA:65,0
DA:66,0
DA:68,0
DA:70,0
DA:74,0
DA:75,0
DA:76,0
DA:79,0
DA:80,0
DA:83,0
DA:85,0
DA:87,0
DA:89,0
DA:90,0
DA:93,0
DA:94,0
DA:95,0
DA:96,0
DA:98,0
DA:100,0
DA:101,0
DA:104,0
DA:105,0
DA:109,0
DA:111,0
DA:113,0
DA:114,0
DA:116,0
DA:118,0
DA:120,0
DA:123,0
DA:129,0
DA:130,0
DA:131,0
DA:132,0
DA:135,0
DA:136,0
DA:137,0
DA:140,0
DA:142,0
DA:145,0
DA:146,0
DA:147,0
DA:149,0
DA:154,0
DA:155,0
DA:156,0
DA:161,0
DA:162,0
DA:163,0
DA:164,0
DA:167,0
DA:168,0
DA:170,0
DA:171,0
DA:174,0
DA:175,0
DA:177,0
DA:178,0
DA:181,0
DA:182,0
DA:183,0
DA:184,0
DA:187,0
DA:188,0
DA:191,0
DA:192,0
DA:193,0
DA:195,0
DA:196,0
DA:198,0
DA:199,0
DA:201,0
DA:205,0
DA:206,0
DA:208,0
DA:209,0
DA:212,0
DA:213,0
DA:214,0
DA:217,0
DA:218,0
LF:111
LH:0
end_of_record
SF:lib\src\screens\board_detail\base_board_detail.dart
DA:31,0
DA:36,0
DA:38,0
DA:39,0
DA:40,0
DA:41,0
DA:42,0
LF:7
LH:0
end_of_record
SF:lib\src\screens\boards\base_boards.dart
DA:20,0
DA:25,0
DA:27,0
DA:28,0
DA:29,0
DA:30,0
LF:6
LH:0
end_of_record
SF:lib\src\screens\boards\controller_boards.dart
DA:4,0
DA:10,0
DA:11,0
DA:12,0
DA:15,0
DA:16,0
LF:6
LH:0
end_of_record
SF:lib\src\screens\boards\screen_boards.dart
DA:4,0
DA:9,0
DA:11,0
DA:12,0
DA:14,0
DA:16,0
DA:18,0
DA:19,0
LF:8
LH:0
end_of_record
SF:lib\src\screens\commit_detail\parameters_commit_detail.dart
DA:4,4
LF:1
LH:1
end_of_record
SF:lib\src\screens\commit_detail\screen_commit_detail.dart
DA:4,1
DA:9,1
DA:11,5
DA:12,1
DA:13,2
DA:15,5
DA:16,2
DA:18,1
DA:19,2
DA:20,1
DA:21,2
DA:22,1
DA:24,1
DA:25,1
DA:27,1
DA:29,1
DA:31,1
DA:32,1
DA:33,1
DA:34,2
DA:35,5
DA:37,0
DA:39,0
DA:40,0
DA:45,1
DA:46,3
DA:49,1
DA:50,5
DA:51,5
DA:52,1
DA:53,1
DA:54,3
DA:55,1
DA:56,1
DA:57,3
DA:58,1
DA:59,3
DA:60,2
DA:62,0
DA:63,0
DA:64,0
DA:66,0
DA:72,1
DA:74,1
DA:76,1
DA:78,3
DA:79,1
DA:80,2
DA:81,0
DA:83,3
DA:84,1
DA:85,2
DA:86,0
DA:88,3
DA:89,1
DA:90,2
DA:91,0
LF:57
LH:47
end_of_record
SF:lib\src\screens\commit_detail\base_commit_detail.dart
DA:28,1
DA:33,1
DA:35,1
DA:36,1
DA:37,3
DA:38,2
DA:39,2
LF:7
LH:7
end_of_record
SF:lib\src\screens\commit_detail\controller_commit_detail.dart
DA:4,1
DA:11,0
DA:13,1
DA:14,10
DA:16,6
DA:17,3
DA:19,6
DA:20,3
DA:22,6
DA:23,3
DA:29,1
DA:30,2
DA:31,1
DA:32,1
DA:33,1
DA:36,3
DA:37,1
DA:39,2
DA:42,1
DA:43,8
DA:44,2
DA:47,1
DA:48,1
DA:50,1
DA:51,2
DA:56,1
DA:57,1
DA:58,1
DA:59,1
DA:63,2
DA:64,4
DA:65,3
DA:66,2
DA:67,4
DA:68,3
DA:69,2
DA:70,4
DA:71,3
DA:76,0
DA:77,0
DA:80,0
DA:81,0
DA:83,0
DA:84,0
DA:87,0
DA:88,0
DA:89,0
DA:93,0
DA:94,0
DA:95,0
DA:96,0
LF:51
LH:37
end_of_record
SF:lib\src\screens\commits\components_commits.dart
DA:4,0
DA:10,0
DA:12,0
DA:13,0
DA:14,0
DA:15,0
DA:17,0
DA:18,0
DA:19,0
DA:20,0
DA:22,0
DA:23,0
DA:25,0
DA:26,0
DA:28,0
DA:29,0
DA:30,0
DA:31,0
DA:36,0
DA:46,0
DA:52,0
DA:54,0
DA:55,0
DA:56,0
DA:57,0
DA:58,0
DA:60,0
DA:61,0
DA:62,0
DA:64,0
DA:65,0
DA:66,0
DA:68,0
DA:71,0
LF:34
LH:0
end_of_record
SF:lib\src\screens\commits\parameters_commits.dart
DA:4,4
LF:1
LH:1
end_of_record
SF:lib\src\screens\commits\base_commits.dart
DA:34,1
DA:39,1
DA:41,1
DA:42,1
DA:43,4
DA:44,2
DA:45,2
LF:7
LH:7
end_of_record
SF:lib\src\screens\commits\screen_commits.dart
DA:4,1
DA:9,1
DA:11,1
DA:12,2
DA:14,2
DA:16,2
DA:18,3
DA:19,0
DA:20,1
DA:21,2
DA:22,2
DA:23,1
DA:24,2
DA:25,1
DA:27,4
DA:28,2
DA:29,2
DA:30,0
DA:31,2
DA:32,0
DA:33,4
DA:34,0
DA:37,4
DA:38,0
DA:40,0
DA:41,0
DA:42,0
DA:43,0
DA:44,0
DA:45,0
DA:46,0
DA:49,1
DA:51,4
DA:52,2
DA:53,2
DA:54,0
DA:55,2
DA:56,0
DA:57,4
DA:61,1
DA:62,1
DA:63,3
DA:64,1
DA:66,3
LF:44
LH:30
end_of_record
SF:lib\src\screens\commits\controller_commits.dart
DA:4,1
DA:5,1
DA:6,1
DA:7,1
DA:16,5
DA:19,3
DA:21,2
DA:24,2
DA:26,0
DA:28,1
DA:29,1
DA:30,1
DA:31,0
DA:32,0
DA:35,1
DA:38,1
DA:39,2
DA:40,1
DA:43,0
DA:44,0
DA:45,0
DA:48,1
DA:49,2
DA:50,0
DA:53,2
DA:54,0
DA:57,2
DA:58,0
DA:59,0
DA:63,1
DA:64,2
DA:65,1
DA:66,1
DA:67,1
DA:70,1
DA:71,0
DA:72,0
DA:74,0
DA:79,8
DA:81,2
DA:83,5
DA:84,1
DA:85,6
DA:86,2
DA:88,1
DA:89,0
DA:90,0
DA:91,0
DA:93,0
DA:97,3
DA:100,0
DA:101,0
DA:102,0
DA:103,0
DA:104,0
DA:108,0
DA:109,0
DA:111,0
DA:112,0
DA:113,0
DA:115,0
DA:116,0
DA:120,0
DA:121,0
DA:123,0
DA:124,0
DA:125,0
DA:127,0
DA:128,0
DA:132,0
DA:133,0
DA:135,0
DA:136,0
DA:137,0
DA:139,0
DA:140,0
DA:144,0
DA:145,0
DA:146,0
DA:147,0
DA:148,0
DA:150,0
DA:151,0
DA:154,0
DA:157,0
DA:158,0
DA:161,0
DA:163,0
DA:164,0
DA:165,0
DA:166,0
DA:170,0
DA:173,0
DA:174,0
DA:175,0
DA:176,0
DA:179,0
DA:180,0
DA:181,0
DA:182,0
DA:184,0
DA:187,0
DA:191,0
DA:193,0
DA:194,0
LF:105
LH:33
end_of_record
SF:lib\src\screens\create_or_edit_work_item\components_create_or_edit_work_item.dart
DA:4,0
DA:9,0
DA:11,0
DA:12,0
DA:14,0
DA:15,0
DA:16,0
DA:17,0
DA:20,0
DA:24,0
DA:25,0
DA:26,0
DA:27,0
DA:28,0
DA:29,0
DA:31,0
DA:39,0
DA:44,0
DA:46,0
DA:47,0
DA:49,0
DA:50,0
DA:51,0
DA:53,0
DA:55,0
DA:56,0
DA:57,0
DA:64,0
DA:69,0
DA:71,0
DA:72,0
DA:74,0
DA:75,0
DA:76,0
DA:77,0
DA:80,0
DA:83,0
DA:84,0
DA:85,0
DA:87,0
DA:88,0
DA:89,0
DA:91,0
DA:93,0
DA:102,0
DA:107,0
DA:109,0
DA:110,0
DA:112,0
DA:113,0
DA:114,0
DA:116,0
DA:118,0
DA:119,0
DA:120,0
DA:121,0
DA:123,0
DA:124,0
DA:125,0
DA:127,0
DA:128,0
DA:129,0
DA:138,0
DA:143,0
DA:145,0
DA:146,0
DA:148,0
DA:149,0
DA:150,0
DA:151,0
DA:153,0
DA:154,0
DA:155,0
DA:162,0
DA:176,0
DA:177,0
DA:178,0
DA:180,0
DA:183,0
DA:185,0
DA:186,0
DA:187,0
DA:190,0
DA:191,0
DA:192,0
DA:193,0
DA:194,0
DA:195,0
DA:196,0
DA:202,0
DA:205,0
DA:206,0
DA:207,0
DA:209,0
DA:210,0
DA:211,0
DA:212,0
DA:213,0
DA:214,0
DA:215,0
DA:216,0
DA:217,0
DA:219,0
DA:221,0
DA:223,0
DA:238,0
DA:252,0
DA:253,0
DA:269,0
DA:271,0
DA:272,0
DA:273,0
DA:276,0
DA:278,0
DA:279,0
DA:282,0
DA:283,0
DA:285,0
DA:286,0
DA:287,0
DA:288,0
DA:289,0
DA:293,0
DA:294,0
DA:296,0
DA:297,0
DA:300,0
DA:301,0
DA:303,0
DA:305,0
DA:306,0
DA:308,0
DA:310,0
DA:313,0
DA:314,0
DA:315,0
DA:319,0
DA:320,0
DA:323,0
DA:325,0
DA:326,0
DA:327,0
DA:328,0
DA:329,0
DA:332,0
DA:333,0
DA:335,0
DA:337,0
DA:338,0
DA:343,0
DA:344,0
DA:345,0
DA:348,0
DA:349,0
DA:352,0
DA:353,0
DA:354,0
DA:355,0
DA:364,0
DA:365,0
DA:366,0
DA:367,0
DA:368,0
DA:370,0
DA:371,0
DA:373,0
DA:376,0
DA:377,0
DA:378,0
DA:379,0
DA:380,0
DA:382,0
DA:383,0
DA:386,0
DA:387,0
DA:389,0
DA:391,0
DA:392,0
DA:393,0
DA:395,0
DA:396,0
DA:407,0
DA:410,0
DA:411,0
DA:412,0
DA:413,0
DA:414,0
DA:415,0
DA:416,0
LF:189
LH:0
end_of_record
SF:lib\src\screens\create_or_edit_work_item\parameters_create_or_edit_work_item.dart
DA:4,4
LF:1
LH:1
end_of_record
SF:lib\src\screens\create_or_edit_work_item\screen_create_or_edit_work_item.dart
DA:4,0
DA:9,0
DA:11,0
DA:14,0
DA:16,0
DA:17,0
DA:18,0
DA:19,0
DA:21,0
DA:22,0
DA:23,0
DA:24,0
DA:25,0
DA:26,0
DA:27,0
DA:29,0
DA:35,0
DA:37,0
DA:38,0
DA:39,0
DA:40,0
DA:41,0
DA:43,0
DA:46,0
DA:48,0
DA:49,0
DA:50,0
DA:51,0
DA:52,0
DA:53,0
DA:54,0
DA:55,0
DA:62,0
DA:63,0
DA:64,0
DA:65,0
DA:67,0
DA:70,0
DA:72,0
DA:73,0
DA:74,0
DA:75,0
DA:76,0
DA:77,0
DA:78,0
DA:84,0
DA:85,0
DA:86,0
DA:87,0
DA:89,0
DA:92,0
DA:94,0
DA:95,0
DA:96,0
DA:97,0
DA:99,0
DA:105,0
DA:106,0
DA:107,0
DA:109,0
DA:112,0
DA:113,0
DA:115,0
DA:116,0
DA:117,0
DA:118,0
DA:119,0
DA:120,0
DA:121,0
DA:126,0
DA:127,0
DA:128,0
DA:129,0
DA:130,0
DA:132,0
DA:135,0
DA:136,0
DA:138,0
DA:139,0
DA:140,0
DA:141,0
DA:142,0
DA:143,0
DA:144,0
DA:151,0
DA:152,0
DA:153,0
DA:154,0
DA:155,0
DA:157,0
DA:160,0
DA:161,0
DA:163,0
DA:164,0
DA:165,0
DA:166,0
DA:167,0
DA:168,0
DA:169,0
DA:176,0
DA:177,0
DA:178,0
DA:180,0
DA:181,0
DA:183,0
DA:185,0
DA:189,0
DA:190,0
DA:194,0
DA:195,0
DA:196,0
DA:199,0
DA:200,0
DA:201,0
DA:203,0
DA:205,0
DA:206,0
DA:208,0
DA:209,0
DA:210,0
DA:215,0
DA:216,0
DA:217,0
DA:219,0
DA:220,0
DA:222,0
DA:230,0
DA:231,0
DA:233,0
DA:234,0
DA:236,0
DA:238,0
DA:242,0
DA:243,0
DA:247,0
DA:248,0
DA:249,0
DA:252,0
DA:253,0
DA:254,0
DA:256,0
DA:258,0
DA:259,0
DA:260,0
DA:261,0
DA:264,0
DA:265,0
DA:266,0
DA:271,0
DA:272,0
DA:273,0
DA:275,0
DA:276,0
DA:278,0
DA:286,0
DA:287,0
DA:288,0
DA:289,0
DA:291,0
DA:295,0
DA:296,0
DA:297,0
DA:298,0
DA:299,0
DA:300,0
DA:302,0
DA:303,0
DA:304,0
DA:306,0
DA:307,0
DA:308,0
DA:309,0
DA:311,0
DA:312,0
DA:313,0
DA:315,0
DA:321,0
DA:322,0
DA:323,0
DA:324,0
DA:325,0
DA:326,0
DA:327,0
DA:330,0
LF:184
LH:0
end_of_record
SF:lib\src\screens\create_or_edit_work_item\base_create_or_edit_work_item.dart
DA:43,0
DA:48,0
DA:50,0
DA:51,0
DA:52,0
DA:53,0
DA:54,0
LF:7
LH:0
end_of_record
SF:lib\src\screens\create_or_edit_work_item\controller_create_or_edit_work_item.dart
DA:4,0
DA:5,0
DA:6,0
DA:8,0
DA:9,0
DA:59,0
DA:71,0
DA:72,0
DA:73,0
DA:75,0
DA:77,0
DA:78,0
DA:79,0
DA:83,0
DA:84,0
DA:85,0
DA:86,0
DA:89,0
DA:90,0
DA:91,0
DA:92,0
DA:95,0
DA:98,0
DA:99,0
DA:100,0
DA:101,0
DA:102,0
DA:104,0
DA:105,0
DA:106,0
DA:109,0
DA:111,0
DA:112,0
DA:114,0
DA:115,0
DA:116,0
DA:117,0
DA:120,0
DA:121,0
DA:122,0
DA:124,0
DA:125,0
DA:126,0
DA:128,0
DA:129,0
DA:131,0
DA:132,0
DA:135,0
DA:136,0
DA:137,0
DA:141,0
DA:142,0
DA:144,0
DA:146,0
DA:147,0
DA:148,0
DA:149,0
DA:150,0
DA:152,0
DA:156,0
DA:158,0
DA:161,0
DA:162,0
DA:164,0
DA:166,0
DA:167,0
DA:168,0
DA:170,0
DA:171,0
DA:174,0
DA:175,0
DA:179,0
DA:181,0
DA:184,0
DA:185,0
DA:187,0
DA:188,0
DA:191,0
DA:192,0
DA:194,0
DA:195,0
DA:198,0
DA:199,0
DA:201,0
DA:202,0
DA:205,0
DA:206,0
DA:208,0
DA:209,0
DA:211,0
DA:213,0
DA:214,0
DA:217,0
DA:218,0
DA:219,0
DA:222,0
DA:223,0
DA:226,0
DA:227,0
DA:230,0
DA:232,0
DA:234,0
DA:235,0
DA:239,0
DA:240,0
DA:243,0
DA:244,0
DA:245,0
DA:250,0
DA:251,0
DA:252,0
DA:253,0
DA:255,0
DA:256,0
DA:260,0
DA:263,0
DA:264,0
DA:266,0
DA:268,0
DA:270,0
DA:271,0
DA:272,0
DA:274,0
DA:277,0
DA:278,0
DA:280,0
DA:281,0
DA:282,0
DA:284,0
DA:285,0
DA:286,0
DA:287,0
DA:288,0
DA:293,0
DA:294,0
DA:295,0
DA:296,0
DA:297,0
DA:298,0
DA:302,0
DA:305,0
DA:307,0
DA:309,0
DA:310,0
DA:314,0
DA:315,0
DA:316,0
DA:319,0
DA:320,0
DA:323,0
DA:324,0
DA:325,0
DA:326,0
DA:330,0
DA:331,0
DA:332,0
DA:333,0
DA:334,0
DA:337,0
DA:341,0
DA:342,0
DA:344,0
DA:345,0
DA:350,0
DA:351,0
DA:353,0
DA:354,0
DA:355,0
DA:356,0
DA:357,0
DA:358,0
DA:359,0
DA:360,0
DA:361,0
DA:362,0
DA:363,0
DA:366,0
DA:367,0
DA:368,0
DA:369,0
DA:373,0
DA:376,0
DA:377,0
DA:378,0
DA:381,0
DA:382,0
DA:384,0
DA:394,0
DA:395,0
DA:396,0
DA:397,0
DA:398,0
DA:399,0
DA:401,0
DA:402,0
DA:403,0
DA:404,0
DA:405,0
DA:406,0
DA:407,0
DA:412,0
DA:413,0
DA:414,0
DA:415,0
DA:416,0
DA:418,0
DA:419,0
DA:420,0
DA:421,0
DA:422,0
DA:423,0
DA:428,0
DA:429,0
DA:430,0
DA:431,0
DA:435,0
DA:436,0
DA:437,0
DA:440,0
DA:441,0
DA:445,0
DA:446,0
DA:447,0
DA:450,0
DA:451,0
DA:452,0
DA:456,0
DA:458,0
DA:459,0
DA:460,0
DA:462,0
DA:464,0
DA:466,0
DA:468,0
DA:470,0
DA:472,0
DA:473,0
DA:477,0
DA:478,0
DA:479,0
DA:481,0
DA:485,0
DA:486,0
DA:487,0
DA:488,0
DA:492,0
DA:494,0
DA:495,0
DA:496,0
DA:498,0
DA:499,0
DA:500,0
DA:503,0
DA:505,0
DA:508,0
DA:510,0
DA:511,0
DA:516,0
DA:519,0
DA:524,0
DA:525,0
DA:526,0
DA:527,0
DA:528,0
DA:530,0
DA:531,0
DA:532,0
DA:536,0
DA:537,0
DA:538,0
DA:539,0
DA:542,0
DA:545,0
DA:546,0
DA:547,0
DA:548,0
DA:549,0
DA:550,0
DA:551,0
DA:552,0
DA:555,0
DA:556,0
DA:557,0
DA:559,0
DA:560,0
DA:562,0
DA:564,0
DA:566,0
DA:568,0
DA:570,0
DA:571,0
DA:572,0
DA:574,0
DA:576,0
DA:581,0
DA:583,0
DA:584,0
DA:589,0
DA:591,0
DA:592,0
DA:597,0
DA:599,0
DA:605,0
DA:606,0
DA:607,0
DA:608,0
DA:610,0
DA:612,0
DA:614,0
DA:617,0
DA:619,0
DA:621,0
DA:623,0
DA:625,0
DA:626,0
DA:627,0
DA:628,0
DA:634,0
DA:635,0
DA:636,0
DA:637,0
DA:638,0
DA:639,0
DA:644,0
DA:645,0
DA:646,0
DA:649,0
DA:651,0
DA:653,0
DA:656,0
DA:657,0
DA:660,0
DA:661,0
DA:662,0
DA:665,0
DA:668,0
DA:671,0
DA:677,0
DA:678,0
DA:680,0
DA:682,0
DA:684,0
DA:686,0
DA:689,0
DA:690,0
DA:691,0
DA:692,0
DA:695,0
DA:696,0
DA:698,0
DA:702,0
DA:703,0
DA:704,0
DA:705,0
DA:706,0
DA:711,0
DA:713,0
DA:715,0
DA:717,0
DA:719,0
DA:723,0
DA:725,0
DA:729,0
DA:731,0
DA:733,0
DA:734,0
DA:735,0
DA:738,0
DA:740,0
DA:741,0
DA:743,0
DA:748,0
DA:750,0
DA:751,0
DA:757,0
DA:759,0
DA:762,0
DA:763,0
DA:765,0
DA:767,0
DA:769,0
DA:771,0
DA:773,0
DA:776,0
DA:777,0
DA:778,0
DA:779,0
DA:780,0
DA:783,0
DA:784,0
DA:785,0
DA:790,0
DA:791,0
DA:792,0
DA:794,0
DA:797,0
DA:798,0
DA:801,0
DA:802,0
DA:804,0
DA:805,0
DA:807,0
DA:808,0
DA:811,0
DA:816,0
DA:817,0
DA:818,0
DA:821,0
DA:822,0
DA:823,0
DA:826,0
DA:827,0
DA:828,0
DA:830,0
DA:833,0
DA:836,0
DA:837,0
DA:840,0
DA:841,0
DA:846,0
LF:420
LH:0
end_of_record
SF:lib\src\screens\file_detail\base_file_detail.dart
DA:26,1
DA:31,1
DA:33,1
DA:34,1
DA:35,3
DA:36,2
DA:37,2
LF:7
LH:7
end_of_record
SF:lib\src\screens\file_detail\controller_file_detail.dart
DA:4,1
DA:11,1
DA:12,2
DA:13,2
DA:14,2
DA:15,2
DA:16,2
DA:19,2
DA:22,3
DA:23,3
DA:27,0
DA:28,0
DA:31,0
DA:32,0
LF:14
LH:10
end_of_record
SF:lib\src\screens\file_detail\parameters_file_detail.dart
DA:4,4
LF:1
LH:1
end_of_record
SF:lib\src\screens\file_detail\screen_file_detail.dart
DA:4,1
DA:9,1
DA:11,1
DA:12,2
DA:13,7
DA:14,2
DA:17,5
DA:18,4
DA:19,1
DA:20,1
DA:22,0
DA:23,0
DA:24,0
DA:27,1
DA:31,1
DA:33,1
DA:34,2
DA:35,1
DA:36,1
DA:37,5
DA:39,2
DA:41,1
DA:42,2
DA:45,0
DA:47,2
DA:48,2
DA:52,1
DA:53,1
DA:54,1
DA:56,1
DA:58,3
DA:70,2
DA:71,1
DA:72,2
DA:73,2
DA:74,3
DA:75,1
DA:76,3
DA:77,1
DA:78,1
DA:79,1
DA:80,2
DA:81,3
DA:82,2
DA:83,1
DA:84,3
DA:85,3
DA:86,2
DA:87,3
DA:88,3
DA:89,3
DA:90,2
DA:91,2
DA:92,2
DA:93,2
DA:94,1
DA:95,2
DA:96,2
DA:97,2
DA:98,2
DA:99,1
DA:100,1
DA:104,1
DA:105,4
DA:106,2
DA:109,1
DA:110,4
DA:111,1
LF:68
LH:64
end_of_record
SF:lib\src\screens\file_diff\screen_file_diff.dart
DA:4,0
DA:9,0
DA:11,0
DA:12,0
DA:14,0
DA:15,0
DA:18,0
DA:19,0
DA:20,0
DA:21,0
LF:10
LH:0
end_of_record
SF:lib\src\screens\file_diff\components_file_diff.dart
DA:5,0
DA:9,0
DA:12,0
DA:13,0
DA:14,0
DA:15,0
DA:17,0
DA:20,0
DA:21,0
DA:23,0
DA:31,0
DA:36,0
DA:38,0
DA:39,0
DA:40,0
DA:41,0
DA:42,0
DA:43,0
DA:44,0
DA:53,0
DA:58,0
DA:60,0
DA:62,0
DA:63,0
DA:64,0
DA:65,0
DA:67,0
DA:68,0
DA:69,0
DA:71,0
DA:72,0
DA:73,0
DA:75,0
DA:77,0
DA:78,0
DA:79,0
DA:80,0
DA:82,0
DA:83,0
DA:84,0
DA:86,0
DA:88,0
DA:89,0
DA:90,0
DA:91,0
DA:94,0
DA:95,0
DA:111,0
DA:116,0
DA:118,0
DA:119,0
DA:121,0
DA:123,0
DA:124,0
DA:125,0
DA:126,0
DA:127,0
DA:128,0
DA:129,0
DA:133,0
DA:134,0
DA:135,0
DA:136,0
DA:137,0
DA:138,0
DA:139,0
DA:140,0
DA:144,0
DA:145,0
DA:146,0
DA:147,0
DA:148,0
DA:160,0
DA:166,0
DA:168,0
DA:173,0
DA:179,0
DA:181,0
DA:182,0
DA:183,0
DA:184,0
DA:186,0
DA:193,0
DA:199,0
DA:201,0
DA:202,0
DA:203,0
DA:204,0
DA:206,0
DA:213,0
DA:227,0
DA:229,0
DA:231,0
DA:232,0
DA:235,0
DA:237,0
DA:238,0
DA:240,0
DA:241,0
DA:242,0
DA:243,0
DA:245,0
DA:247,0
DA:248,0
DA:250,0
DA:251,0
DA:252,0
DA:256,0
DA:257,0
DA:259,0
DA:260,0
DA:266,0
DA:268,0
DA:271,0
DA:272,0
DA:280,0
DA:294,0
DA:296,0
DA:297,0
DA:299,0
DA:300,0
DA:301,0
DA:302,0
DA:303,0
DA:304,0
DA:305,0
DA:307,0
DA:308,0
DA:309,0
DA:310,0
DA:311,0
DA:312,0
DA:314,0
DA:315,0
DA:316,0
DA:317,0
DA:318,0
DA:319,0
DA:320,0
DA:322,0
DA:324,0
DA:326,0
DA:327,0
DA:328,0
DA:329,0
DA:330,0
DA:332,0
DA:336,0
DA:340,0
LF:149
LH:0
end_of_record
SF:lib\src\screens\file_diff\controller_file_diff.dart
DA:4,0
DA:19,0
DA:21,0
DA:22,0
DA:23,0
DA:24,0
DA:25,0
DA:26,0
DA:29,0
DA:30,0
DA:31,0
DA:32,0
DA:35,0
DA:36,0
DA:37,0
DA:40,0
DA:42,0
DA:45,0
DA:48,0
DA:49,0
DA:50,0
DA:51,0
DA:52,0
DA:53,0
DA:56,0
DA:59,0
DA:60,0
DA:61,0
DA:62,0
DA:63,0
DA:64,0
DA:68,0
DA:72,0
DA:73,0
DA:76,0
DA:79,0
DA:80,0
DA:81,0
DA:82,0
DA:83,0
DA:86,0
DA:87,0
DA:88,0
DA:89,0
DA:90,0
DA:93,0
DA:94,0
DA:95,0
DA:96,0
DA:97,0
DA:98,0
DA:99,0
DA:101,0
DA:104,0
DA:105,0
DA:108,0
DA:109,0
DA:111,0
DA:112,0
DA:113,0
DA:115,0
DA:118,0
DA:119,0
DA:120,0
DA:122,0
DA:124,0
DA:127,0
DA:134,0
DA:135,0
DA:137,0
DA:140,0
DA:143,0
DA:145,0
DA:146,0
DA:147,0
DA:148,0
DA:152,0
DA:154,0
DA:158,0
DA:159,0
DA:166,0
DA:169,0
DA:172,0
DA:173,0
DA:174,0
DA:176,0
DA:179,0
DA:184,0
DA:187,0
DA:189,0
DA:190,0
DA:191,0
DA:192,0
DA:198,0
DA:199,0
DA:202,0
DA:204,0
DA:207,0
DA:208,0
DA:214,0
DA:215,0
DA:216,0
DA:217,0
DA:222,0
DA:223,0
DA:226,0
DA:228,0
DA:231,0
DA:232,0
DA:235,0
DA:236,0
DA:237,0
DA:238,0
DA:239,0
DA:240,0
DA:244,0
DA:246,0
DA:248,0
LF:118
LH:0
end_of_record
SF:lib\src\screens\file_diff\parameters_file_diff.dart
DA:4,4
LF:1
LH:1
end_of_record
SF:lib\src\screens\file_diff\base_file_diff.dart
DA:33,0
DA:38,0
DA:40,0
DA:41,0
DA:42,0
DA:43,0
DA:44,0
LF:7
LH:0
end_of_record
SF:lib\src\screens\home\components_home.dart
DA:4,0
DA:18,0
DA:20,0
DA:22,0
DA:24,0
DA:25,0
DA:26,0
DA:27,0
DA:28,0
DA:29,0
DA:31,0
DA:32,0
DA:33,0
DA:34,0
DA:35,0
DA:36,0
DA:39,0
DA:45,0
DA:46,0
DA:48,0
DA:49,0
DA:50,0
DA:54,0
DA:55,0
DA:57,0
DA:58,0
DA:59,0
DA:60,0
DA:70,0
DA:74,0
DA:76,0
DA:77,0
DA:78,0
DA:79,0
DA:81,0
DA:83,0
DA:84,0
DA:85,0
DA:87,0
LF:39
LH:0
end_of_record
SF:lib\src\screens\home\parameters_home.dart
DA:4,4
LF:1
LH:1
end_of_record
SF:lib\src\screens\home\base_home.dart
DA:36,0
DA:41,0
DA:43,0
DA:44,0
DA:45,0
DA:46,0
LF:6
LH:0
end_of_record
SF:lib\src\screens\home\controller_home.dart
DA:4,0
DA:15,0
DA:23,0
DA:24,0
DA:25,0
DA:28,0
DA:29,0
DA:33,0
DA:35,0
DA:36,0
DA:38,0
DA:40,0
DA:42,0
DA:44,0
DA:46,0
DA:48,0
DA:50,0
DA:52,0
DA:54,0
DA:55,0
DA:59,0
DA:60,0
DA:63,0
DA:64,0
DA:67,0
DA:68,0
DA:71,0
DA:72,0
DA:75,0
DA:76,0
DA:79,0
DA:80,0
DA:81,0
DA:84,0
DA:85,0
DA:86,0
DA:87,0
DA:88,0
DA:89,0
DA:90,0
DA:91,0
DA:92,0
DA:93,0
DA:97,0
DA:98,0
DA:99,0
DA:100,0
DA:102,0
DA:103,0
DA:104,0
DA:109,0
DA:110,0
DA:111,0
DA:112,0
DA:114,0
DA:115,0
DA:119,0
DA:122,0
DA:123,0
DA:124,0
DA:128,0
DA:129,0
DA:131,0
DA:133,0
DA:136,0
DA:137,0
DA:138,0
DA:141,0
DA:142,0
DA:145,0
DA:146,0
DA:149,0
DA:150,0
DA:151,0
DA:155,0
DA:156,0
DA:158,0
DA:159,0
DA:162,0
DA:163,0
DA:164,0
DA:166,0
DA:167,0
DA:168,0
DA:169,0
DA:171,0
DA:172,0
DA:173,0
DA:174,0
DA:175,0
DA:176,0
DA:178,0
DA:182,0
DA:186,0
DA:191,0
DA:192,0
DA:195,0
DA:199,0
DA:201,0
DA:204,0
DA:205,0
DA:207,0
DA:211,0
DA:213,0
LF:104
LH:0
end_of_record
SF:lib\src\screens\home\screen_home.dart
DA:4,0
DA:9,0
DA:12,0
DA:13,0
DA:14,0
DA:15,0
DA:16,0
DA:17,0
DA:18,0
DA:19,0
DA:21,0
DA:22,0
DA:23,0
DA:25,0
DA:27,0
DA:30,0
DA:31,0
DA:32,0
DA:33,0
DA:34,0
DA:37,0
DA:38,0
DA:42,0
DA:43,0
DA:44,0
DA:45,0
DA:47,0
DA:48,0
DA:49,0
DA:50,0
DA:54,0
DA:55,0
DA:57,0
DA:58,0
DA:59,0
DA:61,0
DA:62,0
DA:64,0
LF:38
LH:0
end_of_record
SF:lib\src\screens\login\controller_login.dart
DA:4,2
DA:15,1
DA:16,1
DA:19,1
DA:21,2
DA:24,1
DA:26,0
DA:30,1
DA:31,3
DA:34,3
DA:37,1
DA:38,3
DA:40,1
DA:41,1
DA:45,1
DA:46,1
DA:49,0
DA:50,0
DA:51,0
DA:53,0
DA:54,0
DA:59,3
DA:61,1
DA:64,0
DA:65,0
DA:74,1
DA:75,1
DA:78,1
DA:82,1
DA:85,2
DA:86,1
DA:87,1
DA:89,0
DA:90,0
DA:92,0
DA:97,1
DA:98,0
DA:100,0
DA:109,0
DA:111,0
DA:116,0
DA:117,0
DA:119,0
LF:43
LH:25
end_of_record
SF:lib\src\screens\login\screen_login.dart
DA:4,1
DA:9,1
DA:11,1
DA:13,0
DA:14,1
DA:15,1
DA:17,2
DA:18,1
DA:19,1
DA:21,3
DA:23,1
DA:27,1
DA:28,1
DA:29,4
DA:30,4
DA:34,1
DA:35,1
DA:36,1
DA:37,1
DA:38,2
DA:39,2
DA:42,2
DA:44,1
DA:45,1
DA:48,2
DA:50,1
DA:52,1
DA:53,1
DA:54,1
DA:56,3
DA:64,3
DA:69,1
DA:70,1
DA:71,1
DA:72,1
DA:74,3
DA:76,1
DA:80,3
DA:82,1
DA:83,1
DA:84,2
DA:86,1
DA:88,1
DA:89,1
DA:90,1
DA:92,3
DA:94,1
DA:97,1
DA:99,3
DA:107,1
DA:108,1
DA:109,2
DA:110,0
DA:111,1
DA:113,1
DA:114,1
DA:115,1
DA:117,3
DA:119,1
DA:122,1
DA:124,3
LF:61
LH:59
end_of_record
SF:lib\src\screens\login\base_login.dart
DA:24,1
DA:31,1
DA:33,1
DA:34,5
DA:35,2
DA:36,2
LF:6
LH:6
end_of_record
SF:lib\src\screens\login\parameters_login.dart
DA:4,4
LF:1
LH:1
end_of_record
SF:lib\src\screens\member_detail\screen_member_detail.dart
DA:4,1
DA:9,1
DA:11,1
DA:12,2
DA:14,2
DA:15,2
DA:17,1
DA:18,4
DA:20,2
DA:21,1
DA:22,3
DA:23,2
DA:25,1
DA:27,1
DA:28,1
DA:29,2
DA:31,1
DA:38,1
DA:39,2
DA:40,1
DA:42,0
DA:44,0
DA:48,1
DA:49,0
DA:51,0
DA:55,1
DA:57,1
DA:58,1
DA:59,1
DA:60,2
DA:63,0
DA:64,2
LF:32
LH:27
end_of_record
SF:lib\src\screens\member_detail\controller_member_detail.dart
DA:4,1
DA:14,1
DA:15,3
DA:17,2
DA:18,0
DA:19,0
DA:23,2
DA:25,7
DA:26,8
DA:28,2
DA:30,3
DA:33,0
DA:34,0
DA:35,0
DA:36,0
DA:37,0
LF:16
LH:9
end_of_record
SF:lib\src\screens\member_detail\parameters_member_detail.dart
DA:4,4
LF:1
LH:1
end_of_record
SF:lib\src\screens\member_detail\base_member_detail.dart
DA:25,1
DA:30,1
DA:32,1
DA:33,1
DA:34,3
DA:35,2
DA:36,2
LF:7
LH:7
end_of_record
SF:lib\src\screens\pipeline_detail\parameters_pipeline_detail.dart
DA:4,4
LF:1
LH:1
end_of_record
SF:lib\src\screens\pipeline_detail\components_pipeline_detail.dart
DA:4,0
DA:8,0
DA:10,0
DA:11,0
DA:12,0
DA:13,0
DA:15,0
DA:16,0
DA:17,0
DA:18,0
DA:19,0
DA:26,0
DA:30,0
DA:32,0
DA:33,0
DA:34,0
DA:35,0
DA:37,0
DA:38,0
DA:39,0
DA:40,0
DA:41,0
DA:48,0
DA:52,0
DA:54,0
DA:55,0
DA:56,0
DA:57,0
DA:59,0
DA:60,0
DA:61,0
DA:62,0
DA:63,0
DA:70,0
DA:74,0
DA:76,0
DA:77,0
DA:78,0
DA:79,0
DA:81,0
DA:82,0
DA:83,0
DA:84,0
DA:85,0
DA:86,0
DA:90,0
DA:91,0
DA:98,0
DA:114,0
DA:116,0
DA:118,0
DA:119,0
DA:120,0
DA:121,0
DA:123,0
DA:124,0
DA:126,0
DA:128,0
DA:129,0
DA:130,0
DA:131,0
DA:133,0
DA:134,0
DA:135,0
DA:137,0
DA:139,0
DA:140,0
DA:141,0
DA:145,0
DA:146,0
DA:148,0
DA:149,0
DA:151,0
DA:152,0
DA:153,0
DA:154,0
DA:158,0
DA:159,0
DA:163,0
DA:168,0
DA:169,0
DA:170,0
DA:172,0
DA:174,0
DA:175,0
DA:176,0
DA:177,0
DA:178,0
DA:182,0
DA:183,0
DA:184,0
DA:186,0
DA:187,0
DA:189,0
DA:196,0
DA:206,0
DA:208,0
DA:209,0
DA:221,0
DA:222,0
DA:223,0
DA:224,0
DA:225,0
DA:226,0
DA:231,0
DA:232,0
DA:235,0
DA:236,0
DA:240,0
DA:242,0
DA:243,0
DA:247,0
DA:248,0
DA:250,0
DA:251,0
DA:252,0
DA:254,0
DA:257,0
DA:259,0
DA:260,0
DA:261,0
DA:262,0
DA:263,0
DA:265,0
DA:266,0
DA:268,0
DA:271,0
DA:273,0
DA:274,0
DA:276,0
DA:279,0
DA:280,0
DA:281,0
DA:285,0
DA:286,0
DA:287,0
DA:290,0
DA:292,0
LF:138
LH:0
end_of_record
SF:lib\src\screens\pipeline_detail\screen_pipeline_detail.dart
DA:4,1
DA:9,1
DA:11,1
DA:12,2
DA:13,2
DA:14,1
DA:15,2
DA:16,2
DA:18,2
DA:19,1
DA:20,1
DA:21,2
DA:22,6
DA:24,1
DA:26,0
DA:27,0
DA:28,0
DA:29,0
DA:30,0
DA:31,0
DA:33,0
DA:34,0
DA:35,0
DA:41,1
DA:42,1
DA:43,1
DA:44,2
DA:45,1
DA:47,1
DA:48,1
DA:50,5
DA:52,1
DA:53,1
DA:54,3
DA:55,2
DA:57,0
DA:60,1
DA:61,3
DA:62,1
DA:63,2
DA:64,0
DA:66,5
DA:70,2
DA:71,0
DA:72,0
DA:73,0
DA:74,0
DA:78,0
DA:79,0
DA:80,0
DA:81,0
DA:85,1
DA:86,5
DA:87,5
DA:88,1
DA:89,3
DA:90,1
DA:92,5
DA:94,3
DA:95,3
DA:97,1
DA:99,5
DA:101,1
DA:102,4
DA:103,1
DA:104,2
DA:105,3
DA:106,2
DA:111,1
DA:113,2
DA:114,1
DA:115,1
DA:116,1
DA:117,3
DA:119,2
DA:122,1
DA:123,3
DA:124,1
DA:125,1
DA:126,0
DA:128,0
DA:130,1
DA:131,1
DA:132,0
DA:134,0
DA:136,1
DA:137,1
DA:138,2
DA:139,1
DA:140,0
DA:142,0
DA:144,1
DA:146,0
DA:148,0
DA:149,0
DA:151,0
DA:154,0
DA:155,0
DA:157,0
DA:158,0
DA:159,0
DA:160,0
DA:161,0
DA:162,0
DA:163,0
DA:165,0
DA:169,0
DA:170,0
DA:171,0
DA:172,0
DA:174,0
DA:175,0
DA:177,0
DA:180,0
DA:181,0
DA:182,0
DA:183,0
DA:185,0
DA:192,0
LF:119
LH:67
end_of_record
SF:lib\src\screens\pipeline_detail\controller_pipeline_detail.dart
DA:4,2
DA:15,5
DA:17,5
DA:18,3
DA:20,0
DA:25,1
DA:26,1
DA:29,1
DA:30,1
DA:31,1
DA:34,1
DA:35,1
DA:37,3
DA:38,2
DA:41,2
DA:42,0
DA:43,0
DA:44,0
DA:45,0
DA:52,1
DA:53,4
DA:54,1
DA:55,0
DA:59,4
DA:60,4
DA:62,2
DA:64,3
DA:66,2
DA:67,2
DA:68,2
DA:69,2
DA:71,1
DA:73,1
DA:74,0
DA:75,0
DA:78,0
DA:79,0
DA:80,0
DA:83,0
DA:84,0
DA:85,0
DA:88,0
DA:93,2
DA:96,0
DA:97,0
DA:98,0
DA:100,0
DA:104,0
DA:105,0
DA:108,0
DA:109,0
DA:112,0
DA:113,0
DA:119,0
DA:121,0
DA:122,0
DA:125,0
DA:128,0
DA:129,0
DA:135,0
DA:136,0
DA:137,0
DA:138,0
DA:141,0
DA:142,0
DA:145,0
DA:148,0
DA:149,0
DA:152,0
DA:153,0
DA:156,0
DA:157,0
DA:158,0
DA:161,0
DA:162,0
DA:165,0
DA:166,0
DA:167,0
DA:170,0
DA:171,0
DA:174,0
DA:175,0
DA:178,0
DA:179,0
DA:181,0
DA:182,0
DA:186,0
DA:187,0
DA:189,0
DA:190,0
DA:191,0
DA:192,0
DA:196,0
DA:197,0
DA:198,0
DA:202,0
DA:203,0
DA:204,0
DA:205,0
DA:206,0
DA:207,0
DA:211,1
DA:212,3
DA:213,0
DA:214,0
DA:215,3
DA:216,0
DA:220,0
DA:221,0
DA:224,0
DA:225,0
DA:226,0
DA:229,0
DA:230,0
DA:233,0
DA:234,0
DA:235,0
DA:236,0
DA:237,0
DA:238,0
DA:239,0
DA:244,0
DA:245,0
DA:248,0
DA:249,0
DA:250,0
DA:251,0
DA:252,0
DA:253,0
DA:254,0
DA:259,0
DA:260,0
DA:263,0
DA:265,0
DA:268,0
DA:269,0
DA:272,0
DA:274,0
DA:277,0
DA:278,0
DA:282,0
DA:284,0
DA:285,0
DA:286,0
DA:289,0
DA:291,0
DA:294,0
DA:295,0
DA:298,0
DA:302,0
DA:304,0
DA:308,0
DA:309,0
DA:310,0
DA:313,0
DA:315,0
DA:318,0
DA:319,0
DA:323,0
DA:325,0
DA:326,0
DA:327,0
DA:330,0
DA:332,0
DA:337,0
DA:344,0
DA:351,0
DA:358,0
DA:359,0
DA:361,0
LF:170
LH:31
end_of_record
SF:lib\src\screens\pipeline_detail\base_pipeline_detail.dart
DA:42,1
DA:47,1
DA:49,1
DA:50,1
DA:51,3
DA:52,2
DA:53,2
LF:7
LH:7
end_of_record
SF:lib\src\screens\pipeline_logs\controller_pipeline_logs.dart
DA:4,1
DA:11,1
DA:12,2
DA:13,1
DA:14,1
DA:15,1
DA:18,2
DA:21,1
DA:22,2
DA:23,0
DA:27,1
DA:28,1
DA:30,0
DA:31,0
DA:32,0
DA:33,0
DA:34,0
DA:39,0
DA:40,0
DA:43,0
DA:44,0
LF:21
LH:11
end_of_record
SF:lib\src\screens\pipeline_logs\screen_pipeline_logs.dart
DA:4,1
DA:9,1
DA:11,1
DA:12,2
DA:14,2
DA:17,5
DA:18,1
DA:19,1
DA:23,1
DA:25,1
DA:27,1
DA:28,2
DA:29,0
DA:30,0
DA:31,0
DA:36,1
DA:37,3
DA:38,1
DA:39,2
DA:40,1
DA:41,3
DA:43,2
LF:22
LH:19
end_of_record
SF:lib\src\screens\pipeline_logs\base_pipeline_logs.dart
DA:19,1
DA:24,1
DA:26,1
DA:27,1
DA:28,3
DA:29,2
DA:30,2
LF:7
LH:7
end_of_record
SF:lib\src\screens\pipeline_logs\parameters_pipeline_logs.dart
DA:4,4
LF:1
LH:1
end_of_record
SF:lib\src\screens\pipelines\controller_pipelines.dart
DA:4,1
DA:5,1
DA:14,9
DA:15,9
DA:16,0
DA:27,5
DA:29,3
DA:31,3
DA:34,3
DA:36,2
DA:38,1
DA:39,1
DA:42,1
DA:43,2
DA:44,1
DA:47,1
DA:48,1
DA:49,1
DA:50,0
DA:51,0
DA:54,1
DA:56,2
DA:57,2
DA:60,1
DA:61,3
DA:62,0
DA:63,0
DA:65,0
DA:72,1
DA:73,2
DA:74,1
DA:77,0
DA:78,0
DA:79,0
DA:82,1
DA:83,2
DA:84,0
DA:87,2
DA:88,0
DA:91,2
DA:92,0
DA:95,2
DA:96,0
DA:97,2
DA:98,0
DA:102,1
DA:103,1
DA:105,2
DA:106,1
DA:107,1
DA:108,1
DA:109,1
DA:110,1
DA:113,1
DA:114,0
DA:115,0
DA:117,0
DA:122,1
DA:126,2
DA:127,5
DA:128,1
DA:131,2
DA:133,1
DA:134,0
DA:137,4
DA:139,1
DA:140,3
DA:142,2
DA:144,1
DA:145,0
DA:147,0
DA:152,3
DA:155,0
DA:156,0
DA:157,0
DA:160,0
DA:161,0
DA:163,0
DA:164,0
DA:165,0
DA:167,0
DA:168,0
DA:172,0
DA:173,0
DA:175,0
DA:176,0
DA:177,0
DA:179,0
DA:180,0
DA:184,0
DA:185,0
DA:187,0
DA:188,0
DA:189,0
DA:191,0
DA:192,0
DA:196,0
DA:197,0
DA:199,0
DA:200,0
DA:201,0
DA:203,0
DA:204,0
DA:208,0
DA:209,0
DA:211,0
DA:212,0
DA:213,0
DA:215,0
DA:216,0
DA:220,0
DA:221,0
DA:222,0
DA:223,0
DA:224,0
DA:226,0
DA:228,0
DA:230,0
DA:231,0
DA:234,0
DA:237,1
DA:238,3
DA:239,0
DA:240,0
DA:241,3
DA:242,0
DA:246,1
DA:247,3
DA:248,1
DA:251,5
DA:252,1
DA:253,1
DA:254,1
DA:255,1
DA:258,0
DA:259,0
DA:262,0
DA:264,0
DA:265,0
DA:266,0
DA:267,0
DA:268,0
DA:269,0
DA:273,0
DA:276,0
DA:277,0
DA:278,0
DA:279,0
DA:281,0
DA:284,0
DA:288,0
DA:290,0
DA:291,0
LF:153
LH:63
end_of_record
SF:lib\src\screens\pipelines\parameters_pipelines.dart
DA:4,4
LF:1
LH:1
end_of_record
SF:lib\src\screens\pipelines\base_pipelines.dart
DA:35,1
DA:40,1
DA:42,1
DA:43,1
DA:44,4
DA:45,2
DA:46,2
LF:7
LH:7
end_of_record
SF:lib\src\screens\pipelines\screen_pipelines.dart
DA:4,1
DA:9,1
DA:11,2
DA:12,1
DA:13,2
DA:14,2
DA:15,1
DA:16,2
DA:17,2
DA:18,1
DA:19,2
DA:21,2
DA:23,3
DA:24,0
DA:25,1
DA:26,2
DA:27,2
DA:28,1
DA:29,2
DA:30,1
DA:32,4
DA:33,2
DA:34,2
DA:35,0
DA:36,2
DA:37,0
DA:38,4
DA:39,0
DA:42,2
DA:43,0
DA:45,0
DA:46,0
DA:47,0
DA:48,0
DA:49,0
DA:51,0
DA:53,1
DA:55,4
DA:56,2
DA:57,2
DA:58,3
DA:59,0
DA:61,3
DA:62,1
DA:64,4
DA:65,2
DA:66,2
DA:67,3
DA:68,0
DA:70,1
DA:72,4
DA:73,2
DA:74,2
DA:75,0
DA:76,2
DA:77,0
DA:78,4
DA:82,1
DA:83,1
DA:84,3
DA:85,1
DA:87,1
DA:88,1
DA:90,1
DA:92,7
DA:93,7
DA:94,4
DA:95,3
DA:100,3
LF:69
LH:54
end_of_record
SF:lib\src\screens\profile\parameters_profile.dart
DA:4,4
LF:1
LH:1
end_of_record
SF:lib\src\screens\profile\controller_profile.dart
DA:4,0
DA:15,0
DA:17,0
DA:19,0
DA:20,0
DA:22,0
DA:23,0
DA:29,0
DA:30,0
DA:31,0
DA:33,0
DA:35,0
DA:36,0
DA:38,0
DA:40,0
DA:42,0
DA:43,0
DA:45,0
DA:48,0
DA:49,0
DA:50,0
DA:51,0
DA:52,0
DA:56,0
DA:57,0
DA:60,0
DA:61,0
DA:62,0
DA:63,0
DA:64,0
DA:65,0
DA:66,0
DA:69,0
DA:70,0
DA:71,0
DA:72,0
DA:75,0
DA:76,0
DA:79,0
DA:80,0
DA:81,0
DA:82,0
DA:84,0
LF:43
LH:0
end_of_record
SF:lib\src\screens\profile\screen_profile.dart
DA:4,0
DA:9,0
DA:11,0
DA:12,0
DA:14,0
DA:16,0
DA:17,0
DA:18,0
DA:21,0
DA:22,0
DA:23,0
DA:25,0
DA:26,0
DA:28,0
DA:29,0
DA:30,0
DA:31,0
DA:32,0
DA:33,0
DA:37,0
DA:38,0
DA:39,0
DA:40,0
DA:41,0
DA:42,0
DA:46,0
DA:48,0
DA:49,0
DA:50,0
DA:51,0
DA:53,0
DA:56,0
DA:57,0
DA:58,0
DA:59,0
DA:60,0
DA:62,0
DA:63,0
DA:64,0
DA:65,0
DA:66,0
DA:67,0
DA:69,0
DA:70,0
DA:71,0
DA:72,0
DA:73,0
DA:74,0
DA:78,0
DA:80,0
DA:84,0
DA:91,0
DA:95,0
DA:96,0
DA:97,0
DA:98,0
DA:100,0
DA:102,0
DA:103,0
DA:104,0
DA:105,0
DA:106,0
DA:108,0
DA:109,0
DA:110,0
DA:111,0
DA:112,0
DA:113,0
DA:117,0
DA:119,0
DA:121,0
DA:133,0
DA:134,0
DA:135,0
DA:137,0
DA:140,0
DA:143,0
DA:144,0
DA:150,0
DA:153,0
DA:154,0
LF:81
LH:0
end_of_record
SF:lib\src\screens\profile\base_profile.dart
DA:31,0
DA:36,0
DA:38,0
DA:39,0
DA:40,0
DA:41,0
LF:6
LH:0
end_of_record
SF:lib\src\screens\project_boards\controller_project_boards.dart
DA:4,0
DA:11,0
DA:12,0
DA:13,0
DA:14,0
DA:16,0
DA:17,0
DA:21,0
DA:22,0
DA:25,0
DA:26,0
DA:28,0
DA:30,0
DA:31,0
DA:32,0
DA:33,0
DA:35,0
DA:38,0
DA:41,0
DA:42,0
DA:46,0
DA:47,0
DA:51,0
DA:52,0
DA:53,0
DA:57,0
DA:58,0
DA:59,0
DA:65,0
LF:29
LH:0
end_of_record
SF:lib\src\screens\project_boards\base_project_boards.dart
DA:26,0
DA:31,0
DA:33,0
DA:34,0
DA:35,0
DA:36,0
DA:37,0
LF:7
LH:0
end_of_record
SF:lib\src\screens\project_boards\screen_project_boards.dart
DA:4,0
DA:9,0
DA:11,0
DA:12,0
DA:13,0
DA:14,0
DA:15,0
DA:16,0
DA:17,0
DA:18,0
DA:21,0
DA:22,0
DA:23,0
DA:26,0
DA:27,0
DA:28,0
DA:29,0
DA:36,0
DA:37,0
DA:39,0
DA:40,0
DA:42,0
DA:43,0
DA:44,0
DA:45,0
DA:47,0
DA:49,0
DA:50,0
DA:51,0
DA:56,0
DA:61,0
DA:62,0
DA:68,0
DA:69,0
DA:70,0
DA:71,0
DA:73,0
DA:74,0
DA:76,0
DA:77,0
DA:78,0
DA:79,0
DA:81,0
DA:83,0
DA:85,0
DA:86,0
DA:87,0
DA:90,0
DA:92,0
DA:93,0
DA:94,0
DA:102,0
LF:52
LH:0
end_of_record
SF:lib\src\screens\project_detail\base_project_detail.dart
DA:32,1
DA:37,1
DA:39,1
DA:40,1
DA:41,3
DA:42,2
DA:43,2
LF:7
LH:7
end_of_record
SF:lib\src\screens\project_detail\components_project_detail.dart
DA:4,0
DA:9,0
DA:11,0
DA:13,0
DA:14,0
DA:15,0
DA:16,0
DA:17,0
DA:18,0
DA:19,0
DA:20,0
DA:22,0
DA:23,0
DA:24,0
LF:14
LH:0
end_of_record
SF:lib\src\screens\project_detail\controller_project_detail.dart
DA:4,1
DA:17,2
DA:18,3
DA:19,1
DA:20,1
DA:22,1
DA:23,6
DA:25,3
DA:27,1
DA:28,0
DA:30,0
DA:34,3
DA:35,5
DA:38,0
DA:39,0
DA:40,0
DA:44,0
DA:47,0
DA:48,0
DA:51,0
DA:52,0
DA:55,0
DA:56,0
DA:59,1
DA:60,3
DA:61,2
DA:65,1
DA:66,3
DA:67,2
DA:71,1
DA:72,3
DA:73,2
DA:77,1
DA:78,3
DA:79,2
DA:83,0
DA:84,0
DA:85,0
DA:89,0
DA:90,0
DA:93,0
DA:94,0
DA:97,0
DA:98,0
DA:101,0
DA:102,0
DA:103,0
DA:104,0
DA:106,0
DA:109,0
DA:113,0
DA:115,0
LF:52
LH:23
end_of_record
SF:lib\src\screens\project_detail\parameters_project_detail.dart
DA:4,4
LF:1
LH:1
end_of_record
SF:lib\src\screens\project_detail\screen_project_detail.dart
DA:4,1
DA:9,1
DA:12,1
DA:13,2
DA:14,2
DA:15,2
DA:16,1
DA:17,1
DA:19,1
DA:20,2
DA:21,1
DA:22,3
DA:23,0
DA:24,0
DA:25,0
DA:27,0
DA:28,0
DA:29,0
DA:36,1
DA:37,1
DA:38,1
DA:40,1
DA:41,2
DA:42,4
DA:45,4
DA:46,2
DA:47,1
DA:49,1
DA:50,2
DA:51,3
DA:52,4
DA:55,1
DA:57,1
DA:58,2
DA:59,3
DA:61,1
DA:62,1
DA:63,1
DA:64,2
DA:65,2
DA:68,1
DA:69,4
DA:70,2
DA:78,1
DA:80,4
DA:84,0
DA:85,3
DA:86,0
DA:87,0
DA:88,0
DA:89,0
DA:90,0
DA:93,1
DA:94,1
DA:96,1
DA:98,2
DA:101,1
DA:102,4
DA:103,4
DA:104,4
DA:105,1
DA:108,2
DA:109,1
DA:113,1
DA:114,1
DA:115,1
DA:116,1
DA:117,1
DA:118,1
DA:119,0
DA:121,0
DA:123,4
DA:125,0
DA:126,0
DA:128,0
DA:129,0
DA:135,0
DA:137,0
DA:138,0
DA:139,0
DA:140,0
DA:141,0
DA:142,0
DA:143,0
DA:144,0
DA:146,0
DA:147,0
DA:149,0
DA:151,0
DA:152,0
DA:154,0
DA:155,0
DA:157,0
DA:159,0
DA:160,0
DA:162,0
DA:163,0
DA:165,0
DA:167,0
DA:168,0
DA:169,0
DA:170,0
DA:171,0
DA:172,0
DA:173,0
DA:174,0
DA:175,0
DA:176,0
DA:184,1
DA:185,1
DA:186,2
DA:189,1
DA:197,3
DA:198,0
DA:199,0
DA:200,0
DA:201,0
DA:202,0
DA:204,0
DA:206,0
DA:207,0
DA:208,0
DA:214,3
DA:215,0
DA:216,0
DA:217,0
DA:218,0
DA:219,0
DA:221,0
DA:223,0
DA:224,0
DA:225,0
LF:132
LH:64
end_of_record
SF:lib\src\screens\pull_request_detail\components_pull_request_detail.dart
DA:4,1
DA:8,1
DA:10,5
DA:11,1
DA:12,2
DA:13,1
DA:14,2
DA:16,1
DA:18,1
DA:19,0
DA:20,0
DA:21,0
DA:22,0
DA:23,0
DA:24,0
DA:25,0
DA:26,0
DA:29,0
DA:31,0
DA:32,0
DA:33,0
DA:34,0
DA:35,0
DA:39,0
DA:40,0
DA:41,0
DA:46,0
DA:47,0
DA:49,0
DA:50,0
DA:58,1
DA:64,1
DA:66,1
DA:67,1
DA:68,1
DA:69,4
DA:70,3
DA:71,4
DA:78,1
DA:84,1
DA:86,2
DA:87,1
DA:88,2
DA:89,2
DA:90,1
DA:91,2
DA:92,1
DA:93,2
DA:94,1
DA:96,1
DA:97,2
DA:98,0
DA:99,0
DA:103,3
DA:104,1
DA:105,1
DA:106,1
DA:108,5
DA:110,8
DA:111,2
DA:112,0
DA:114,0
DA:118,1
DA:119,1
DA:120,1
DA:121,3
DA:123,3
DA:125,3
DA:128,1
DA:129,6
DA:130,5
DA:131,1
DA:132,1
DA:133,2
DA:135,2
DA:138,1
DA:139,3
DA:140,0
DA:141,0
DA:142,0
DA:143,0
DA:147,0
DA:149,2
DA:150,0
DA:151,0
DA:152,0
DA:153,0
DA:157,0
DA:160,6
DA:161,2
DA:162,1
DA:163,1
DA:164,0
DA:166,0
DA:168,0
DA:169,0
DA:170,0
DA:171,0
DA:175,1
DA:176,0
DA:177,1
DA:178,3
DA:179,2
DA:180,0
DA:181,0
DA:182,0
DA:184,0
DA:185,0
DA:186,0
DA:187,0
DA:191,0
DA:192,0
DA:193,0
DA:194,0
DA:195,0
DA:196,0
DA:197,0
DA:203,3
DA:204,0
DA:205,0
DA:206,0
DA:207,0
DA:208,0
DA:209,0
DA:210,0
DA:212,0
DA:213,0
DA:214,0
DA:215,0
DA:216,0
DA:219,0
DA:220,0
DA:221,0
DA:222,0
DA:223,0
DA:224,0
DA:229,0
DA:230,0
DA:231,0
DA:232,0
DA:233,0
DA:234,0
DA:236,0
DA:237,0
DA:238,0
DA:240,0
DA:242,0
DA:243,0
DA:244,0
DA:245,0
DA:246,0
DA:247,0
DA:248,0
DA:251,0
DA:253,0
DA:254,0
DA:255,0
DA:256,0
DA:261,0
DA:268,0
DA:269,0
DA:270,0
DA:272,0
DA:273,0
DA:286,0
DA:290,0
DA:292,0
DA:294,0
DA:295,0
DA:297,0
DA:298,0
DA:300,0
DA:301,0
DA:302,0
DA:304,0
DA:315,1
DA:320,1
DA:322,1
DA:323,2
DA:324,1
DA:326,1
DA:327,3
DA:328,0
DA:329,0
DA:330,0
DA:332,3
DA:333,0
DA:334,0
DA:335,0
DA:337,3
DA:338,0
DA:339,0
DA:340,0
DA:349,1
DA:355,1
DA:357,4
DA:358,1
DA:359,2
DA:360,1
DA:363,1
DA:364,0
DA:365,0
DA:366,0
DA:368,0
DA:370,0
DA:373,1
DA:380,0
DA:384,0
DA:386,0
DA:390,0
DA:391,0
DA:392,0
DA:393,0
DA:395,0
DA:396,0
DA:405,0
DA:410,0
DA:412,0
DA:413,0
DA:414,0
DA:415,0
DA:416,0
DA:418,0
DA:419,0
DA:420,0
DA:422,0
DA:425,0
DA:426,0
DA:428,0
DA:429,0
DA:430,0
DA:431,0
DA:433,0
DA:434,0
DA:435,0
DA:441,0
DA:442,0
DA:444,0
DA:445,0
DA:446,0
DA:447,0
DA:448,0
DA:449,0
DA:450,0
DA:451,0
DA:452,0
DA:453,0
DA:454,0
DA:456,0
DA:460,0
DA:462,0
DA:464,0
DA:468,0
LF:253
LH:79
end_of_record
SF:lib\src\screens\pull_request_detail\base_pull_request_detail.dart
DA:52,1
DA:57,1
DA:59,1
DA:60,1
DA:61,3
DA:62,2
DA:63,2
LF:7
LH:7
end_of_record
SF:lib\src\screens\pull_request_detail\controller_pull_request_detail.dart
DA:4,1
DA:18,6
DA:20,3
DA:21,3
DA:23,3
DA:24,3
DA:26,3
DA:27,3
DA:35,1
DA:36,4
DA:38,1
DA:39,1
DA:40,0
DA:42,3
DA:44,0
DA:46,6
DA:48,1
DA:49,4
DA:52,2
DA:54,1
DA:56,3
DA:59,7
DA:70,2
DA:72,1
DA:73,1
DA:74,1
DA:77,1
DA:78,1
DA:79,1
DA:82,1
DA:83,1
DA:85,3
DA:87,5
DA:90,1
DA:91,0
DA:92,0
DA:93,0
DA:94,0
DA:100,1
DA:102,2
DA:103,0
DA:105,0
DA:106,0
DA:110,0
DA:113,5
DA:115,2
DA:116,2
DA:118,1
DA:119,2
DA:120,0
DA:121,0
DA:124,2
DA:126,2
DA:127,1
DA:129,2
DA:130,1
DA:132,2
DA:133,0
DA:136,1
DA:137,2
DA:138,1
DA:139,1
DA:140,0
DA:143,3
DA:144,2
DA:149,0
DA:150,0
DA:152,0
DA:154,0
DA:157,0
DA:158,0
DA:159,0
DA:160,0
DA:163,0
DA:164,0
DA:167,0
DA:168,0
DA:169,0
DA:170,0
DA:171,0
DA:174,0
DA:175,0
DA:176,0
DA:177,0
DA:178,0
DA:180,0
DA:186,0
DA:187,0
DA:188,0
DA:189,0
DA:193,0
DA:194,0
DA:195,0
DA:196,0
DA:197,0
DA:198,0
DA:199,0
DA:200,0
DA:201,0
DA:207,0
DA:208,0
DA:209,0
DA:210,0
DA:212,0
DA:215,0
DA:221,0
DA:222,0
DA:227,0
DA:228,0
DA:229,0
DA:230,0
DA:232,0
DA:233,0
DA:234,0
DA:242,0
DA:243,0
DA:245,0
DA:246,0
DA:249,0
DA:250,0
DA:251,0
DA:252,0
DA:253,0
DA:254,0
DA:256,0
DA:259,0
DA:260,0
DA:261,0
DA:265,0
DA:266,0
DA:269,0
DA:270,0
DA:271,0
DA:274,0
DA:275,0
DA:276,0
DA:277,0
DA:280,0
DA:281,0
DA:283,0
DA:284,0
DA:287,0
DA:291,0
DA:294,0
DA:300,0
DA:301,0
DA:302,0
DA:304,0
DA:305,0
DA:307,0
DA:308,0
DA:310,0
DA:312,0
DA:313,0
DA:314,0
DA:317,0
DA:319,0
DA:322,0
DA:326,0
DA:327,0
DA:330,0
DA:331,0
DA:334,0
DA:335,0
DA:338,0
DA:339,0
DA:342,0
DA:343,0
DA:346,0
DA:347,0
DA:350,0
DA:351,0
DA:354,0
DA:355,0
DA:358,0
DA:359,0
DA:362,0
DA:364,0
DA:367,0
DA:368,0
DA:370,0
DA:371,0
DA:376,0
DA:378,0
DA:381,0
DA:382,0
DA:383,0
DA:384,0
DA:385,0
DA:388,0
DA:389,0
DA:390,0
DA:394,0
DA:397,0
DA:400,0
DA:407,0
DA:412,0
DA:413,0
DA:417,0
DA:419,0
DA:420,0
DA:421,0
DA:422,0
DA:424,0
DA:430,0
DA:431,0
DA:432,0
DA:436,0
DA:439,0
DA:443,0
DA:444,0
DA:446,0
DA:447,0
DA:449,0
DA:451,0
DA:452,0
DA:453,0
DA:456,0
DA:463,0
DA:464,0
DA:466,0
DA:467,0
DA:468,0
DA:471,0
DA:473,0
DA:475,0
DA:476,0
DA:477,0
DA:478,0
DA:479,0
DA:483,0
DA:485,0
DA:491,0
DA:492,0
DA:493,0
DA:495,0
DA:499,0
DA:502,0
DA:503,0
DA:504,0
DA:505,0
DA:506,0
DA:507,0
DA:510,0
DA:512,0
DA:513,0
DA:514,0
DA:516,0
DA:518,0
DA:519,0
DA:520,0
DA:521,0
DA:522,0
DA:524,0
DA:527,0
DA:528,0
DA:530,0
DA:534,0
DA:535,0
DA:537,0
DA:538,0
DA:542,0
DA:547,0
DA:549,0
DA:550,0
DA:552,0
DA:553,0
DA:554,0
DA:556,0
DA:560,0
DA:561,0
DA:562,0
DA:563,0
DA:566,0
DA:569,0
DA:570,0
DA:572,0
DA:576,0
DA:578,0
DA:579,0
DA:585,0
DA:586,0
DA:588,0
DA:606,1
DA:607,4
DA:608,2
DA:609,1
DA:610,0
DA:614,0
DA:615,0
DA:616,0
DA:618,0
DA:621,0
DA:624,0
DA:626,0
DA:627,0
DA:628,0
DA:632,0
DA:635,0
DA:636,0
DA:639,0
DA:642,0
DA:643,0
DA:644,0
DA:646,0
DA:649,0
DA:654,0
DA:657,0
DA:659,0
DA:660,0
DA:661,0
DA:662,0
DA:668,0
DA:669,0
DA:672,0
DA:675,0
DA:676,0
DA:682,0
DA:683,0
DA:684,0
DA:685,0
DA:690,0
DA:691,0
DA:694,0
DA:697,0
DA:698,0
DA:701,0
DA:702,0
DA:703,0
DA:704,0
DA:705,0
DA:706,0
DA:710,0
DA:712,0
LF:334
LH:55
end_of_record
SF:lib\src\screens\pull_request_detail\screen_pull_request_detail.dart
DA:4,1
DA:9,1
DA:11,1
DA:13,1
DA:14,1
DA:16,1
DA:17,2
DA:18,2
DA:19,2
DA:21,2
DA:22,2
DA:23,0
DA:27,1
DA:29,2
DA:30,2
DA:31,3
DA:32,2
DA:33,2
DA:40,1
DA:41,1
DA:42,2
DA:43,4
DA:47,2
DA:48,2
DA:49,2
DA:51,1
DA:53,2
DA:54,1
DA:55,2
DA:56,2
DA:64,5
LF:31
LH:30
end_of_record
SF:lib\src\screens\pull_request_detail\parameters_pull_request_detail.dart
DA:4,4
LF:1
LH:1
end_of_record
SF:lib\src\screens\pull_requests\base_pull_requests.dart
DA:29,1
DA:34,1
DA:36,1
DA:37,1
DA:38,4
DA:39,2
DA:40,2
LF:7
LH:7
end_of_record
SF:lib\src\screens\pull_requests\controller_pull_requests.dart
DA:4,1
DA:5,1
DA:22,5
DA:25,3
DA:27,2
DA:29,1
DA:30,1
DA:31,1
DA:32,0
DA:33,0
DA:36,1
DA:39,1
DA:40,2
DA:41,1
DA:44,0
DA:45,0
DA:46,0
DA:49,1
[...]
DA:319,0
DA:320,0
DA:322,0
DA:323,0
DA:328,0
DA:331,0
DA:333,0
DA:334,0
DA:337,0
DA:341,0
DA:343,0
DA:344,0
DA:346,0
DA:350,0
LF:160
LH:32
end_of_record
SF:lib\src\screens\work_item_detail\base_work_item_detail.dart
DA:51,1
DA:56,1
DA:58,1
DA:59,1
DA:60,4
DA:61,2
DA:62,2
LF:7
LH:7
end_of_record
SF:lib\src\screens\work_items\screen_work_items.dart
DA:4,1
DA:9,1
DA:11,1
DA:12,2
DA:14,2
DA:16,3
DA:17,2
DA:19,1
DA:20,2
DA:21,0
DA:24,2
DA:25,0
DA:26,0
DA:27,0
DA:31,2
DA:32,2
DA:34,1
DA:35,2
DA:36,2
DA:37,1
DA:38,1
DA:40,4
DA:41,2
DA:42,2
DA:43,0
DA:44,2
DA:45,0
DA:46,4
DA:48,3
DA:49,1
DA:51,6
DA:52,0
DA:53,2
DA:54,2
DA:55,2
DA:56,0
DA:58,3
DA:59,1
DA:61,2
DA:62,0
DA:63,2
DA:64,2
DA:65,2
DA:66,0
DA:68,1
DA:70,2
DA:71,0
DA:72,0
DA:73,2
DA:74,2
DA:75,3
DA:76,0
DA:78,1
DA:80,2
DA:81,2
DA:82,0
DA:83,2
DA:84,2
DA:85,0
DA:86,4
DA:88,1
DA:89,0
DA:91,0
DA:92,0
DA:93,0
DA:94,0
DA:95,0
DA:97,0
DA:100,1
DA:101,0
DA:103,0
DA:104,0
DA:105,0
DA:106,0
DA:107,0
DA:108,0
DA:109,0
DA:110,0
DA:112,0
DA:113,0
DA:114,0
DA:117,0
DA:118,0
DA:119,0
DA:121,0
DA:132,1
DA:133,1
DA:134,3
DA:135,1
DA:137,3
LF:90
LH:52
end_of_record
SF:lib\src\screens\work_items\controller_work_items.dart
DA:4,1
DA:5,1
DA:30,3
DA:31,3
DA:33,5
DA:36,3
DA:38,2
DA:40,2
DA:44,1
DA:46,1
DA:47,1
DA:48,0
DA:49,0
DA:52,2
DA:53,3
DA:55,2
DA:56,1
DA:57,3
DA:59,1
DA:60,2
DA:61,0
DA:64,2
DA:65,0
DA:70,1
DA:72,1
DA:73,2
DA:74,0
DA:75,0
DA:76,0
DA:77,0
DA:80,2
DA:81,0
DA:82,0
DA:83,0
DA:84,0
DA:92,1
DA:93,2
DA:94,1
DA:97,0
DA:98,0
DA:99,0
DA:102,1
DA:103,2
DA:104,0
DA:107,2
DA:108,0
DA:111,2
DA:112,0
DA:115,2
DA:116,0
DA:119,2
DA:120,0
DA:123,2
DA:124,0
DA:127,2
DA:128,0
DA:134,1
DA:135,2
DA:140,1
DA:141,0
DA:142,0
DA:148,3
DA:149,0
DA:150,0
DA:153,1
DA:155,1
DA:158,0
DA:159,0
DA:160,0
DA:163,0
DA:164,0
DA:166,0
DA:167,0
DA:169,0
DA:170,0
DA:171,0
DA:172,0
DA:175,0
DA:176,0
DA:177,0
DA:181,0
DA:183,0
DA:184,0
DA:189,0
DA:190,0
DA:192,0
DA:193,0
DA:198,0
DA:199,0
DA:201,0
DA:202,0
DA:206,0
DA:207,0
DA:208,0
DA:210,0
DA:211,0
DA:212,0
DA:218,0
DA:219,0
DA:221,0
DA:222,0
DA:223,0
DA:225,0
DA:226,0
DA:230,0
DA:231,0
DA:233,0
DA:234,0
DA:235,0
DA:237,0
DA:238,0
DA:242,0
DA:243,0
DA:245,0
DA:246,0
DA:247,0
DA:249,0
DA:250,0
DA:254,0
DA:255,0
DA:257,0
DA:258,0
DA:259,0
DA:261,0
DA:262,0
DA:266,0
DA:267,0
DA:269,0
DA:270,0
DA:271,0
DA:273,0
DA:274,0
DA:278,0
DA:279,0
DA:281,0
DA:282,0
DA:283,0
DA:285,0
DA:286,0
DA:290,1
DA:291,1
DA:293,1
DA:295,1
DA:296,0
DA:297,0
DA:298,0
DA:301,1
DA:302,0
DA:303,0
DA:304,0
DA:306,0
DA:309,2
DA:310,1
DA:311,2
DA:313,0
DA:314,1
DA:315,1
DA:316,2
DA:319,2
DA:320,2
DA:322,1
DA:323,0
DA:326,1
DA:328,0
DA:332,0
DA:333,0
DA:334,0
DA:335,0
DA:336,0
DA:337,0
DA:338,0
DA:339,0
DA:340,0
DA:341,0
DA:343,0
DA:344,0
DA:347,0
DA:349,0
DA:352,0
DA:353,0
DA:354,0
DA:355,0
DA:356,0
DA:358,0
DA:360,0
DA:363,1
DA:364,2
DA:365,1
DA:366,1
DA:371,1
DA:372,2
DA:374,0
DA:375,0
DA:377,2
DA:379,2
DA:382,0
DA:385,0
DA:391,1
DA:392,2
DA:393,2
DA:395,0
DA:397,0
DA:400,0
DA:401,0
DA:403,0
DA:406,0
DA:407,0
DA:411,0
DA:412,0
DA:414,0
DA:415,0
DA:416,0
DA:417,0
DA:418,0
DA:420,0
DA:422,0
DA:425,0
DA:426,0
DA:427,0
DA:430,0
DA:431,0
DA:434,0
DA:435,0
DA:436,0
DA:437,0
DA:440,0
DA:441,0
DA:444,0
DA:446,0
DA:447,0
DA:448,0
DA:449,0
DA:450,0
DA:451,0
DA:452,0
DA:453,0
DA:457,0
DA:460,0
DA:461,0
DA:463,0
DA:466,0
DA:469,0
DA:473,0
DA:475,0
DA:476,0
DA:482,0
DA:485,0
DA:488,0
DA:492,0
DA:493,0
DA:499,0
DA:502,0
DA:505,0
DA:509,0
DA:510,0
LF:255
LH:66
end_of_record
SF:lib\src\screens\work_items\parameters_work_items.dart
DA:4,4
LF:1
LH:1
end_of_record
SF:lib\src\screens\work_items\base_work_items.dart
DA:39,1
DA:44,1
DA:46,1
DA:47,1
DA:48,4
DA:49,2
DA:50,2
LF:7
LH:7
end_of_record
SF:lib\src\screens\work_items\components_work_items.dart
DA:4,1
DA:8,1
DA:10,1
DA:11,1
DA:12,2
DA:13,2
DA:14,2
DA:17,1
DA:19,1
DA:20,3
DA:21,4
DA:30,1
DA:36,1
DA:38,2
DA:39,1
DA:40,5
DA:41,0
DA:43,5
DA:44,0
DA:47,3
DA:48,4
DA:50,1
DA:51,1
DA:52,4
DA:53,1
DA:54,1
DA:55,1
DA:56,1
DA:58,2
DA:62,1
DA:64,1
DA:65,1
DA:66,1
DA:67,3
DA:69,2
DA:73,1
DA:74,3
DA:75,1
DA:76,0
DA:81,1
DA:82,1
DA:84,1
DA:85,1
DA:86,1
DA:87,1
DA:88,1
DA:89,4
DA:90,4
DA:91,1
DA:92,1
DA:93,3
DA:98,0
DA:100,0
DA:102,0
DA:103,0
DA:104,0
DA:106,0
DA:109,0
DA:110,0
DA:112,0
DA:113,0
DA:114,0
DA:120,0
DA:122,0
DA:128,5
DA:134,1
DA:135,1
LF:67
LH:51
end_of_record
SF:lib\src\services\overlay_service.dart
DA:12,0
DA:14,0
DA:16,3
DA:19,0
DA:22,0
DA:23,0
DA:24,0
DA:25,0
DA:26,0
DA:27,0
DA:28,0
DA:29,0
DA:31,0
DA:33,0
DA:34,0
DA:35,0
DA:36,0
DA:37,0
DA:38,0
DA:40,0
DA:41,0
DA:42,0
DA:44,0
DA:46,0
DA:51,0
DA:52,0
DA:53,0
DA:55,0
DA:57,0
DA:58,0
DA:59,0
DA:61,0
DA:63,0
DA:78,1
DA:79,1
DA:80,1
DA:81,2
DA:82,2
DA:83,1
DA:84,3
DA:85,4
DA:86,1
DA:88,1
DA:90,4
DA:91,1
DA:92,1
DA:94,1
DA:95,4
DA:96,4
DA:98,1
DA:100,4
DA:111,1
DA:122,1
DA:123,1
DA:124,3
DA:129,2
DA:130,2
DA:131,1
DA:132,1
DA:133,3
DA:134,4
DA:135,1
DA:136,1
DA:138,1
DA:139,1
DA:141,1
DA:143,1
DA:145,2
DA:146,1
DA:151,1
DA:153,2
DA:159,1
DA:160,2
DA:173,0
DA:177,0
DA:179,0
DA:180,0
DA:181,0
DA:182,0
DA:185,0
DA:186,0
DA:188,0
DA:189,0
DA:191,0
DA:197,0
DA:198,0
DA:206,0
DA:209,0
DA:213,0
DA:216,0
DA:217,0
DA:218,0
DA:219,0
DA:221,0
DA:223,0
DA:224,0
DA:228,0
LF:97
LH:41
end_of_record
SF:lib\src\widgets\error_page.dart
DA:6,0
DA:11,0
DA:13,0
DA:14,0
DA:15,0
DA:16,0
DA:18,0
DA:19,0
DA:21,0
DA:23,0
DA:25,0
LF:11
LH:0
end_of_record
SF:lib\src\widgets\app_base_page.dart
DA:5,15
DA:11,15
DA:12,15
DA:18,15
DA:20,15
DA:21,60
DA:24,15
DA:26,135
DA:31,15
DA:36,15
DA:38,15
DA:39,60
LF:12
LH:12
end_of_record
SF:lib\src\widgets\app_page.dart
DA:14,15
DA:35,0
DA:72,15
DA:73,15
DA:81,15
DA:83,15
DA:85,60
DA:86,0
DA:87,0
DA:88,0
DA:91,0
DA:94,60
DA:95,15
DA:97,0
DA:99,0
DA:100,0
DA:101,0
DA:104,0
DA:106,0
DA:109,15
DA:110,0
DA:113,0
DA:115,0
DA:120,15
DA:122,34
DA:123,15
DA:126,15
DA:128,38
DA:130,30
DA:131,0
DA:134,90
DA:136,15
DA:138,30
DA:139,1
DA:140,1
DA:141,2
DA:142,1
DA:144,1
DA:145,1
DA:146,3
DA:149,2
DA:153,2
DA:155,0
DA:156,0
DA:157,0
DA:161,3
DA:162,1
DA:163,2
DA:164,6
DA:166,1
DA:173,15
DA:174,30
DA:175,15
DA:177,15
DA:178,15
DA:179,30
DA:180,30
DA:182,15
DA:183,15
DA:184,30
DA:185,15
DA:187,30
DA:188,15
DA:189,15
DA:190,15
DA:191,15
DA:192,30
DA:193,15
DA:194,0
DA:197,0
DA:199,0
DA:201,0
DA:208,0
DA:211,15
DA:213,15
DA:214,15
DA:215,45
DA:218,30
DA:220,30
DA:223,30
DA:224,30
DA:226,5
DA:227,5
DA:228,5
DA:230,15
DA:236,40
DA:237,15
DA:238,0
DA:239,0
DA:240,0
DA:241,0
DA:242,0
DA:244,0
DA:245,0
DA:250,30
DA:251,10
DA:252,10
DA:253,0
DA:254,0
DA:255,0
DA:256,0
DA:259,15
DA:260,15
DA:261,30
DA:263,50
DA:264,88
DA:266,15
DA:273,15
DA:274,15
DA:286,5
DA:290,5
DA:291,5
DA:293,5
DA:294,10
DA:298,5
DA:300,10
LF:116
LH:82
end_of_record
SF:lib\src\widgets\board_widget.dart
DA:13,0
DA:27,0
DA:29,0
DA:30,0
DA:31,0
DA:32,0
DA:33,0
DA:36,0
DA:37,0
DA:38,0
DA:39,0
DA:40,0
DA:41,0
DA:42,0
DA:43,0
DA:45,0
DA:47,0
DA:48,0
DA:50,0
DA:51,0
DA:52,0
DA:53,0
DA:56,0
DA:57,0
DA:59,0
DA:60,0
DA:61,0
DA:62,0
DA:63,0
DA:64,0
DA:65,0
DA:66,0
DA:68,0
DA:69,0
DA:72,0
DA:73,0
DA:75,0
DA:76,0
DA:79,0
DA:85,0
DA:95,0
DA:101,0
DA:103,0
DA:104,0
DA:105,0
DA:108,0
DA:109,0
DA:111,0
DA:112,0
DA:114,0
DA:115,0
DA:116,0
DA:117,0
DA:120,0
DA:121,0
DA:122,0
DA:123,0
DA:124,0
DA:125,0
DA:126,0
DA:127,0
DA:131,0
DA:134,0
DA:135,0
DA:136,0
DA:137,0
DA:139,0
DA:143,0
DA:144,0
DA:146,0
DA:147,0
DA:148,0
DA:151,0
DA:155,0
DA:156,0
DA:157,0
DA:158,0
DA:160,0
DA:161,0
DA:162,0
DA:165,0
DA:166,0
DA:167,0
DA:169,0
DA:170,0
DA:171,0
DA:173,0
DA:176,0
DA:177,0
DA:179,0
DA:180,0
DA:181,0
DA:190,0
DA:191,0
DA:194,0
DA:195,0
DA:196,0
DA:198,0
DA:199,0
DA:200,0
DA:202,0
DA:203,0
DA:204,0
DA:206,0
DA:217,0
DA:219,0
DA:220,0
DA:222,0
DA:224,0
DA:225,0
DA:226,0
DA:227,0
LF:112
LH:0
end_of_record
SF:lib\src\widgets\filter_menu.dart
DA:17,4
DA:23,4
DA:25,16
DA:26,4
DA:27,4
DA:29,4
DA:31,4
DA:33,0
DA:35,0
DA:36,0
DA:37,0
DA:38,0
DA:41,8
DA:42,8
DA:43,4
DA:44,12
DA:45,12
DA:57,2
DA:73,0
DA:89,4
DA:121,4
DA:123,4
DA:124,8
DA:125,0
DA:126,0
DA:127,0
DA:128,0
DA:129,0
DA:132,4
DA:133,4
DA:135,4
DA:137,4
DA:138,4
DA:139,4
DA:141,20
DA:147,12
DA:152,4
DA:153,4
DA:154,4
DA:155,4
DA:156,4
DA:157,4
DA:158,4
DA:159,4
DA:160,4
DA:161,4
DA:162,4
DA:163,4
DA:164,4
DA:165,4
DA:166,4
DA:172,4
DA:187,4
DA:204,4
DA:207,4
DA:208,8
DA:209,0
DA:210,0
DA:211,0
DA:212,0
DA:214,0
DA:215,0
DA:216,0
DA:219,0
DA:221,0
DA:222,0
DA:223,0
DA:224,0
DA:227,0
DA:230,0
DA:232,0
DA:233,0
DA:234,0
DA:235,0
DA:236,0
DA:237,0
DA:239,0
DA:241,0
DA:242,0
DA:243,0
DA:245,0
DA:246,0
DA:247,0
DA:248,0
DA:249,0
DA:251,0
DA:257,0
DA:260,0
DA:261,0
DA:262,0
DA:263,0
DA:265,0
DA:266,0
DA:267,0
DA:269,0
DA:275,0
DA:276,0
DA:277,0
DA:279,0
DA:281,0
DA:283,0
DA:284,0
DA:286,0
DA:287,0
DA:290,0
DA:293,0
DA:295,0
DA:297,0
DA:300,0
DA:301,0
DA:302,0
DA:303,0
DA:304,0
DA:306,0
DA:307,0
DA:309,0
DA:310,0
DA:311,0
DA:312,0
DA:313,0
DA:314,0
DA:317,0
DA:321,0
DA:322,0
DA:323,0
DA:324,0
DA:325,0
DA:326,0
DA:327,0
DA:329,0
DA:331,0
DA:334,0
DA:335,0
DA:339,0
DA:344,0
DA:355,4
DA:361,0
DA:367,0
DA:369,0
DA:372,0
DA:373,0
DA:374,0
DA:376,0
DA:378,0
DA:379,0
DA:380,0
DA:382,0
DA:384,0
DA:385,0
DA:386,0
DA:387,0
DA:398,0
DA:402,0
DA:404,0
DA:409,0
DA:413,0
DA:415,0
DA:417,0
DA:423,0
DA:427,0
DA:429,0
DA:430,0
DA:432,0
DA:433,0
DA:435,0
DA:442,0
DA:446,0
DA:448,0
DA:450,0
DA:451,0
DA:452,0
DA:453,0
DA:454,0
DA:455,0
DA:456,0
DA:464,0
DA:468,0
DA:470,0
DA:471,0
DA:472,0
DA:473,0
DA:475,0
DA:476,0
DA:477,0
DA:478,0
DA:486,0
DA:494,0
DA:496,1
DA:504,3
LF:189
LH:48
end_of_record
SF:lib\src\widgets\navigation_button.dart
DA:6,2
DA:22,2
DA:24,2
DA:25,2
DA:26,2
DA:27,2
DA:28,2
DA:29,4
DA:30,2
DA:32,6
DA:36,2
DA:37,4
LF:12
LH:12
end_of_record
SF:lib\src\widgets\popup_menu.dart
DA:6,3
DA:24,0
DA:25,0
DA:26,0
DA:28,0
DA:29,0
DA:30,0
DA:31,0
DA:35,0
DA:36,0
DA:38,0
DA:39,0
DA:40,0
DA:46,0
DA:52,3
DA:54,3
DA:55,12
DA:56,3
DA:60,3
DA:61,3
DA:62,3
DA:63,3
DA:64,6
DA:65,6
DA:71,0
LF:25
LH:11
end_of_record
SF:lib\src\widgets\search_field.dart
DA:6,2
DA:22,2
DA:24,2
DA:25,2
DA:26,4
DA:28,2
DA:29,2
DA:30,2
DA:32,0
DA:33,0
DA:34,0
DA:36,2
DA:44,0
DA:58,0
DA:59,0
DA:65,0
DA:67,0
DA:68,0
DA:69,0
DA:70,0
DA:71,0
DA:73,0
DA:75,0
DA:76,0
DA:77,0
DA:78,0
DA:79,0
DA:80,0
DA:82,0
DA:89,2
DA:93,2
DA:95,2
DA:96,0
DA:97,0
DA:99,2
LF:35
LH:13
end_of_record
SF:lib\src\widgets\project_card.dart
DA:9,0
DA:15,0
DA:17,0
DA:18,0
DA:19,0
DA:20,0
DA:22,0
DA:24,0
DA:25,0
DA:26,0
DA:27,0
DA:28,0
DA:29,0
DA:30,0
DA:31,0
DA:32,0
DA:33,0
DA:34,0
DA:40,0
DA:41,0
LF:20
LH:0
end_of_record
SF:lib\src\widgets\loading_button.dart
DA:6,2
DA:14,2
DA:15,2
DA:21,2
DA:23,2
DA:24,4
DA:25,2
DA:26,8
DA:28,4
DA:30,1
DA:31,3
DA:35,3
DA:37,0
DA:40,0
DA:42,2
DA:43,3
DA:44,2
DA:45,4
DA:46,14
LF:19
LH:17
end_of_record
SF:lib\src\widgets\section_header.dart
DA:5,0
DA:13,2
DA:22,4
DA:39,5
DA:41,5
DA:42,5
DA:43,15
DA:44,5
DA:45,15
DA:50,5
DA:51,3
DA:53,3
DA:54,3
DA:55,15
DA:62,5
DA:63,10
LF:16
LH:15
end_of_record
SF:lib\src\widgets\changed_files.dart
DA:6,1
DA:12,1
DA:14,5
DA:15,6
DA:16,1
DA:18,1
DA:19,1
DA:20,1
DA:21,1
DA:22,1
DA:24,1
DA:25,2
DA:26,2
DA:29,1
DA:33,3
DA:34,2
DA:36,1
DA:38,2
DA:39,1
DA:40,1
DA:41,1
DA:43,4
DA:45,5
DA:48,2
DA:49,2
DA:50,0
DA:51,1
DA:53,1
DA:54,1
DA:56,1
DA:57,1
DA:58,1
DA:59,3
DA:60,2
DA:61,1
DA:73,2
DA:80,1
DA:96,1
DA:100,0
DA:103,1
DA:105,2
LF:41
LH:39
end_of_record
SF:lib\src\widgets\commit_list_tile.dart
DA:11,2
DA:26,2
DA:28,4
DA:29,2
DA:30,8
DA:31,2
DA:32,2
DA:33,2
DA:34,2
DA:36,12
DA:37,2
DA:39,2
DA:41,2
DA:42,2
DA:43,7
DA:44,4
DA:45,4
DA:46,2
DA:47,2
DA:48,6
DA:50,2
DA:51,2
DA:52,4
DA:53,0
DA:54,0
DA:56,0
DA:57,2
DA:58,10
DA:64,2
DA:65,2
DA:76,0
DA:80,0
DA:81,0
DA:82,0
DA:83,0
DA:84,0
DA:89,0
DA:91,0
DA:92,0
DA:93,0
DA:95,0
DA:101,0
DA:105,0
DA:107,0
DA:108,0
DA:109,0
DA:111,0
DA:117,0
DA:121,0
DA:123,0
DA:124,0
DA:126,0
DA:127,0
DA:128,0
DA:130,0
DA:132,0
DA:133,0
DA:135,0
LF:58
LH:27
end_of_record
SF:lib\src\widgets\member_avatar.dart
DA:7,4
DA:14,0
DA:15,0
DA:18,4
DA:20,16
DA:22,0
DA:23,0
DA:24,0
DA:25,0
DA:26,0
DA:27,0
DA:28,0
DA:30,0
DA:32,0
DA:33,0
DA:34,0
DA:35,0
LF:17
LH:3
end_of_record
SF:lib\src\widgets\project_and_repo_chips.dart
DA:5,3
DA:10,3
DA:12,9
DA:17,3
DA:22,3
DA:24,9
DA:29,3
DA:35,3
DA:37,3
DA:38,3
DA:39,3
DA:41,3
DA:42,21
DA:44,3
DA:45,3
DA:47,3
DA:48,3
DA:49,9
DA:50,3
LF:19
LH:19
end_of_record
SF:lib\src\widgets\text_title_description.dart
DA:5,4
DA:10,4
DA:12,4
DA:13,4
DA:14,4
DA:15,4
DA:16,4
DA:17,20
DA:19,20
LF:9
LH:9
end_of_record
SF:lib\src\services\filters_service.dart
DA:11,4
DA:16,1
DA:17,1
DA:19,1
DA:20,1
DA:21,1
DA:22,1
DA:23,1
DA:24,1
DA:25,1
DA:26,1
DA:30,0
DA:31,0
DA:34,0
DA:35,0
DA:38,0
DA:39,0
DA:42,0
DA:43,0
DA:46,0
DA:47,0
DA:50,0
DA:51,0
DA:54,0
DA:55,0
DA:56,0
DA:59,0
DA:63,0
DA:64,0
DA:67,1
DA:68,1
DA:70,1
DA:71,1
DA:72,1
DA:73,1
DA:77,0
DA:78,0
DA:81,0
DA:82,0
DA:85,0
DA:86,0
DA:87,0
DA:90,0
DA:94,0
DA:95,0
DA:98,1
DA:99,1
DA:101,1
DA:102,1
DA:103,1
DA:104,1
DA:105,1
DA:106,1
DA:110,0
DA:111,0
DA:114,0
DA:115,0
DA:118,0
DA:119,0
DA:122,0
DA:123,0
DA:126,0
DA:127,0
DA:130,0
DA:131,0
DA:134,1
DA:135,1
DA:137,1
DA:138,1
DA:139,1
DA:140,1
DA:141,1
DA:145,0
DA:146,0
DA:149,0
DA:150,0
DA:153,0
DA:154,0
DA:157,0
DA:158,0
DA:161,0
DA:162,0
DA:165,4
DA:166,8
DA:167,8
DA:170,4
DA:171,4
DA:174,0
DA:175,0
DA:176,0
DA:179,0
DA:180,0
DA:182,0
DA:183,0
DA:184,0
DA:185,0
DA:189,0
DA:190,0
DA:193,0
DA:194,0
DA:196,0
DA:197,0
DA:198,0
DA:199,0
DA:200,0
DA:201,0
DA:205,0
DA:206,0
DA:209,0
DA:210,0
DA:212,0
DA:213,0
DA:214,0
DA:215,0
DA:216,0
DA:220,0
DA:221,0
DA:224,0
DA:225,0
DA:227,0
DA:228,0
DA:229,0
DA:230,0
DA:231,0
DA:232,0
DA:233,0
DA:234,0
DA:238,0
DA:239,0
DA:242,0
DA:243,0
DA:245,0
DA:251,0
DA:256,0
DA:257,0
DA:258,0
DA:261,0
DA:262,0
DA:265,0
DA:266,0
DA:269,0
DA:270,0
DA:275,1
DA:301,0
DA:302,0
DA:303,0
DA:304,0
DA:305,0
DA:306,0
DA:307,0
DA:308,0
DA:309,0
DA:315,1
DA:325,0
DA:326,0
DA:327,0
DA:328,0
DA:329,0
DA:335,1
DA:355,0
DA:356,0
DA:357,0
DA:358,0
DA:359,0
DA:360,0
DA:361,0
DA:367,1
DA:379,0
DA:380,0
DA:381,0
DA:382,0
DA:383,0
DA:384,0
LF:173
LH:41
end_of_record
SF:lib\src\widgets\shortcut_label.dart
DA:5,0
DA:9,0
DA:11,0
LF:3
LH:0
end_of_record
SF:lib\src\services\rules_checker.dart
DA:18,1
DA:35,1
DA:36,1
DA:37,1
DA:38,1
DA:44,0
DA:45,0
DA:46,0
DA:50,1
DA:51,3
DA:52,1
DA:54,5
DA:55,1
DA:57,1
DA:61,1
DA:62,3
DA:63,1
DA:65,5
DA:66,1
DA:68,1
DA:72,1
DA:73,3
DA:74,1
DA:77,1
DA:78,1
DA:79,2
DA:80,2
DA:82,1
DA:83,1
DA:85,1
DA:88,0
DA:89,0
DA:90,0
DA:92,0
DA:93,0
DA:95,0
DA:97,0
DA:98,0
DA:99,0
DA:100,0
DA:107,1
DA:110,2
DA:112,1
DA:114,2
DA:115,1
DA:116,2
DA:121,0
DA:122,0
DA:123,0
DA:129,1
DA:130,2
DA:135,2
DA:140,6
DA:145,6
DA:150,6
DA:155,4
DA:160,2
DA:165,2
DA:170,4
DA:175,4
DA:183,1
DA:184,9
DA:186,2
DA:190,1
DA:206,3
DA:208,5
DA:210,6
DA:212,5
DA:214,4
DA:216,4
DA:218,4
DA:220,1
DA:221,11
DA:223,1
DA:224,11
DA:226,1
DA:227,5
DA:229,1
DA:230,5
LF:79
LH:63
end_of_record
SF:lib\src\widgets\form_field.dart
DA:5,3
DA:43,1
DA:44,1
DA:46,1
DA:49,3
DA:51,3
DA:52,3
DA:53,3
DA:54,3
DA:55,3
DA:56,3
DA:57,3
DA:58,3
DA:59,3
DA:60,3
DA:61,3
DA:62,3
DA:63,3
DA:65,3
DA:66,6
DA:68,3
DA:69,18
DA:70,5
DA:72,3
DA:74,6
DA:77,3
DA:78,1
DA:81,1
DA:82,1
DA:83,1
DA:84,3
DA:87,2
LF:32
LH:32
end_of_record
SF:lib\src\widgets\html_editor.dart
DA:15,0
DA:42,0
DA:43,0
DA:49,0
DA:50,0
DA:51,0
DA:52,0
DA:54,0
DA:57,0
DA:59,0
DA:60,0
DA:61,0
DA:66,0
DA:67,0
DA:68,0
DA:69,0
DA:73,0
DA:74,0
DA:75,0
DA:78,0
DA:79,0
DA:82,0
DA:83,0
DA:86,0
DA:88,0
DA:89,0
DA:90,0
DA:91,0
DA:92,0
DA:96,0
DA:98,0
DA:99,0
DA:100,0
DA:101,0
DA:102,0
DA:103,0
DA:104,0
DA:106,0
DA:108,0
DA:109,0
DA:111,0
DA:112,0
DA:114,0
DA:115,0
DA:117,0
DA:118,0
DA:119,0
DA:120,0
DA:121,0
DA:122,0
DA:123,0
DA:127,0
DA:128,0
DA:129,0
DA:130,0
DA:131,0
DA:132,0
DA:133,0
DA:135,0
DA:136,0
DA:137,0
DA:140,0
DA:141,0
DA:143,0
DA:144,0
DA:145,0
DA:146,0
DA:148,0
DA:149,0
DA:150,0
DA:155,0
DA:156,0
LF:72
LH:0
end_of_record
SF:lib\src\widgets\work_item_area_filter.dart
DA:10,0
DA:24,0
DA:26,0
DA:27,0
DA:28,0
DA:29,0
DA:30,0
DA:31,0
DA:32,0
DA:33,0
DA:34,0
DA:36,0
DA:40,0
DA:41,0
DA:42,0
DA:43,0
DA:45,0
DA:46,0
DA:47,0
DA:48,0
DA:50,0
DA:59,0
DA:66,0
DA:68,0
DA:69,0
DA:70,0
DA:75,0
DA:77,0
DA:78,0
DA:79,0
DA:80,0
DA:81,0
DA:82,0
DA:84,0
DA:85,0
DA:87,0
DA:93,0
DA:94,0
DA:95,0
DA:96,0
LF:40
LH:0
end_of_record
SF:lib\src\widgets\work_item_type_icon.dart
DA:6,2
DA:11,2
DA:13,2
DA:15,0
DA:16,0
DA:17,0
LF:6
LH:3
end_of_record
SF:lib\src\widgets\markdown_widget.dart
DA:12,1
DA:26,1
DA:28,1
DA:29,1
DA:30,1
DA:31,1
DA:32,1
DA:33,1
DA:34,1
DA:35,1
DA:36,1
DA:44,0
DA:48,0
DA:49,0
DA:50,0
DA:53,0
DA:56,0
DA:57,0
DA:58,0
DA:60,0
DA:61,0
DA:62,0
DA:65,0
DA:66,0
DA:67,0
DA:68,0
DA:72,0
DA:74,0
DA:75,0
DA:76,0
DA:78,0
DA:79,0
DA:81,0
DA:83,0
DA:91,0
DA:92,0
DA:93,0
DA:94,0
DA:95,0
DA:96,0
DA:97,0
DA:98,0
DA:99,0
DA:100,0
DA:101,0
DA:102,0
DA:103,0
DA:104,0
DA:105,0
DA:106,0
DA:107,0
DA:108,0
DA:109,0
DA:110,0
DA:111,0
DA:112,0
DA:113,0
DA:114,0
DA:115,0
DA:116,0
DA:117,0
DA:118,0
DA:119,0
DA:120,0
DA:121,0
LF:65
LH:11
end_of_record
SF:lib\src\widgets\add_comment_field.dart
DA:13,2
DA:18,2
DA:19,2
DA:26,2
DA:27,6
DA:28,4
DA:30,0
DA:34,2
DA:36,2
DA:38,8
DA:39,6
DA:40,10
DA:43,2
DA:45,4
DA:46,8
DA:47,2
DA:50,2
DA:52,2
DA:53,4
DA:54,2
DA:55,2
DA:56,2
DA:57,8
DA:58,2
DA:59,2
DA:60,2
DA:61,2
DA:63,2
DA:64,2
DA:65,4
DA:66,2
DA:67,2
DA:68,2
DA:69,0
DA:70,2
DA:71,2
DA:72,2
DA:73,4
DA:74,2
DA:75,0
DA:79,4
DA:93,0
DA:101,0
DA:103,0
DA:107,0
DA:109,0
DA:113,0
DA:115,0
DA:117,0
DA:118,0
DA:120,0
DA:122,0
DA:123,0
DA:125,0
DA:130,0
DA:131,0
DA:132,0
DA:136,0
DA:137,0
DA:141,0
DA:149,0
DA:150,0
DA:152,0
DA:154,0
DA:155,0
DA:160,0
DA:162,0
DA:165,0
DA:166,0
DA:167,0
DA:168,0
DA:169,0
DA:170,0
DA:171,0
DA:172,0
LF:75
LH:38
end_of_record
SF:lib\src\widgets\pull_request_comment_card.dart
DA:14,0
DA:40,0
DA:42,0
DA:43,0
DA:47,0
DA:49,0
DA:52,0
DA:54,0
DA:55,0
DA:57,0
DA:61,0
DA:62,0
DA:65,0
DA:66,0
DA:67,0
DA:70,0
DA:71,0
DA:72,0
DA:73,0
DA:74,0
DA:75,0
DA:76,0
DA:77,0
DA:80,0
DA:82,0
DA:83,0
DA:84,0
DA:85,0
DA:86,0
DA:87,0
DA:88,0
DA:89,0
DA:95,0
DA:100,0
DA:101,0
DA:102,0
DA:104,0
DA:105,0
DA:106,0
DA:107,0
DA:108,0
DA:109,0
DA:114,0
DA:115,0
DA:118,0
DA:119,0
DA:120,0
DA:121,0
DA:122,0
DA:123,0
DA:124,0
DA:126,0
DA:132,0
DA:133,0
DA:136,0
DA:137,0
DA:138,0
DA:139,0
DA:140,0
DA:145,0
DA:146,0
DA:147,0
DA:148,0
DA:149,0
DA:150,0
DA:156,0
DA:157,0
DA:158,0
LF:68
LH:0
end_of_record
SF:lib\src\services\share_intent_service.dart
DA:9,0
DA:10,0
DA:13,0
DA:14,0
DA:21,0
DA:22,0
DA:23,0
DA:24,0
DA:26,0
LF:9
LH:0
end_of_record
SF:lib\src\widgets\work_card.dart
DA:6,1
DA:13,1
DA:15,1
DA:16,2
DA:17,1
DA:18,1
DA:20,1
DA:21,1
DA:22,3
DA:23,1
DA:25,4
DA:29,4
LF:12
LH:12
end_of_record
SF:lib\src\widgets\pipeline_list_tile.dart
DA:9,1
DA:15,1
DA:17,2
DA:18,2
DA:20,1
DA:21,1
DA:22,4
DA:23,1
DA:24,1
DA:25,1
DA:27,1
DA:28,1
DA:29,6
DA:30,0
DA:32,10
DA:33,1
DA:34,1
DA:35,1
DA:37,1
DA:38,1
DA:39,4
DA:40,2
DA:45,1
DA:46,1
DA:47,4
DA:48,4
DA:49,1
DA:50,1
DA:51,2
DA:58,0
DA:60,0
DA:65,1
DA:66,3
DA:70,1
DA:71,1
LF:35
LH:32
end_of_record
SF:lib\src\widgets\pull_request_list_tile.dart
DA:8,1
DA:14,1
DA:16,2
DA:17,1
DA:18,4
DA:19,1
DA:20,1
DA:21,1
DA:22,1
DA:24,1
DA:26,1
DA:27,1
DA:28,5
DA:31,1
DA:32,5
DA:33,4
DA:37,1
DA:39,1
DA:41,1
DA:42,1
DA:43,7
DA:44,4
DA:45,1
DA:46,4
DA:49,4
DA:55,1
DA:56,1
LF:27
LH:27
end_of_record
SF:lib\src\widgets\html_widget.dart
DA:12,0
DA:18,0
DA:20,0
DA:21,0
DA:22,0
DA:23,0
DA:24,0
DA:25,0
DA:26,0
DA:27,0
DA:28,0
DA:29,0
DA:36,0
DA:37,0
DA:38,0
DA:39,0
DA:40,0
DA:41,0
DA:42,0
DA:44,0
DA:45,0
DA:46,0
DA:47,0
DA:48,0
DA:51,0
DA:52,0
DA:56,0
DA:58,0
DA:60,0
DA:61,0
DA:62,0
DA:65,0
DA:66,0
DA:73,0
DA:74,0
DA:77,0
DA:78,0
DA:79,0
DA:80,0
DA:81,0
DA:82,0
DA:87,0
DA:90,0
DA:93,0
DA:94,0
DA:95,0
DA:96,0
DA:97,0
DA:99,0
DA:101,0
DA:108,0
DA:111,0
DA:114,0
DA:115,0
DA:116,0
DA:117,0
DA:118,0
DA:119,0
DA:121,0
DA:128,0
DA:129,0
DA:130,0
DA:131,0
DA:134,0
DA:137,0
DA:140,0
DA:143,0
DA:150,0
DA:151,0
DA:152,0
DA:153,0
DA:155,0
DA:158,0
DA:161,0
DA:164,0
DA:167,0
LF:76
LH:0
end_of_record
SF:lib\src\widgets\empty_page.dart
DA:6,0
DA:11,0
DA:13,0
DA:15,0
DA:16,0
DA:18,0
DA:19,0
DA:20,0
DA:21,0
DA:23,0
DA:24,0
LF:11
LH:0
end_of_record
